This file contains any messages produced by compilers while
running configure, to aid debugging if configure makes a mistake.

It was created by file configure 5.41, which was
generated by GNU Autoconf 2.71.  Invocation command line was

  $ ./configure --enable-static --disable-shared

## --------- ##
## Platform. ##
## --------- ##

hostname = copblock.app
uname -m = x86_64
uname -r = 5.15.0-46-generic
uname -s = Linux
uname -v = #49-Ubuntu SMP Thu Aug 4 18:03:25 UTC 2022

/usr/bin/uname -p = x86_64
/bin/uname -X     = unknown

/bin/arch              = x86_64
/usr/bin/arch -k       = unknown
/usr/convex/getsysinfo = unknown
/usr/bin/hostinfo      = unknown
/bin/machine           = unknown
/usr/bin/oslevel       = unknown
/bin/universe          = unknown

PATH: /home/parse/bin/
PATH: /opt/bin/
PATH: /usr/local/sbin/
PATH: /usr/local/bin/
PATH: /usr/sbin/
PATH: /usr/bin/
PATH: /usr/games/


## ----------- ##
## Core tests. ##
## ----------- ##

configure:2741: looking for aux files: ltmain.sh compile config.guess config.sub missing install-sh
configure:2754:  trying ./
configure:2783:   ./ltmain.sh found
configure:2783:   ./compile found
configure:2783:   ./config.guess found
configure:2783:   ./config.sub found
configure:2783:   ./missing found
configure:2765:   ./install-sh found
configure:2912: checking for a BSD-compatible install
configure:2985: result: /usr/bin/install -c
configure:2996: checking whether build environment is sane
configure:3051: result: yes
configure:3210: checking for a race-free mkdir -p
configure:3254: result: /usr/bin/mkdir -p
configure:3261: checking for gawk
configure:3282: found /usr/bin/gawk
configure:3293: result: gawk
configure:3304: checking whether make sets $(MAKE)
configure:3327: result: yes
configure:3357: checking whether make supports nested variables
configure:3375: result: yes
configure:3523: checking whether make supports nested variables
configure:3541: result: yes
configure:3557: checking for builtin ELF support
configure:3575: result: yes
configure:3584: checking for ELF core file support
configure:3602: result: yes
configure:3611: checking for zlib support
configure:3619: result: 
configure:3622: checking for bzlib support
configure:3630: result: 
configure:3633: checking for xzlib support
configure:3641: result: 
configure:3644: checking for libseccomp support
configure:3652: result: 
configure:3655: checking for file formats in man section 5
configure:3672: result: no
configure:3685: checking build system type
configure:3700: result: x86_64-pc-linux-gnu
configure:3720: checking host system type
configure:3734: result: x86_64-pc-linux-gnu
configure:3848: checking for gcc
configure:3869: found /usr/bin/gcc
configure:3880: result: gcc
configure:4233: checking for C compiler version
configure:4242: gcc --version >&5
gcc (Ubuntu 11.2.0-19ubuntu1) 11.2.0
Copyright (C) 2021 Free Software Foundation, Inc.
This is free software; see the source for copying conditions.  There is NO
warranty; not even for MERCHANTABILITY or FITNESS FOR A PARTICULAR PURPOSE.

configure:4253: $? = 0
configure:4242: gcc -v >&5
Using built-in specs.
COLLECT_GCC=gcc
COLLECT_LTO_WRAPPER=/usr/lib/gcc/x86_64-linux-gnu/11/lto-wrapper
OFFLOAD_TARGET_NAMES=nvptx-none:amdgcn-amdhsa
OFFLOAD_TARGET_DEFAULT=1
Target: x86_64-linux-gnu
Configured with: ../src/configure -v --with-pkgversion='Ubuntu 11.2.0-19ubuntu1' --with-bugurl=file:///usr/share/doc/gcc-11/README.Bugs --enable-languages=c,ada,c++,go,brig,d,fortran,objc,obj-c++,m2 --prefix=/usr --with-gcc-major-version-only --program-suffix=-11 --program-prefix=x86_64-linux-gnu- --enable-shared --enable-linker-build-id --libexecdir=/usr/lib --without-included-gettext --enable-threads=posix --libdir=/usr/lib --enable-nls --enable-bootstrap --enable-clocale=gnu --enable-libstdcxx-debug --enable-libstdcxx-time=yes --with-default-libstdcxx-abi=new --enable-gnu-unique-object --disable-vtable-verify --enable-plugin --enable-default-pie --with-system-zlib --enable-libphobos-checking=release --with-target-system-zlib=auto --enable-objc-gc=auto --enable-multiarch --disable-werror --enable-cet --with-arch-32=i686 --with-abi=m64 --with-multilib-list=m32,m64,mx32 --enable-multilib --with-tune=generic --enable-offload-targets=nvptx-none=/build/gcc-11-gBFGDP/gcc-11-11.2.0/debian/tmp-nvptx/usr,amdgcn-amdhsa=/build/gcc-11-gBFGDP/gcc-11-11.2.0/debian/tmp-gcn/usr --without-cuda-driver --enable-checking=release --build=x86_64-linux-gnu --host=x86_64-linux-gnu --target=x86_64-linux-gnu --with-build-config=bootstrap-lto-lean --enable-link-serialization=2
Thread model: posix
Supported LTO compression algorithms: zlib zstd
gcc version 11.2.0 (Ubuntu 11.2.0-19ubuntu1) 
... rest of stderr output deleted ...
configure:4253: $? = 0
configure:4242: gcc -V >&5
gcc: error: unrecognized command-line option '-V'
gcc: fatal error: no input files
compilation terminated.
configure:4253: $? = 1
configure:4242: gcc -qversion >&5
gcc: error: unrecognized command-line option '-qversion'; did you mean '--version'?
gcc: fatal error: no input files
compilation terminated.
configure:4253: $? = 1
configure:4242: gcc -version >&5
gcc: error: unrecognized command-line option '-version'
gcc: fatal error: no input files
compilation terminated.
configure:4253: $? = 1
configure:4273: checking whether the C compiler works
configure:4295: gcc    conftest.c  >&5
configure:4299: $? = 0
configure:4349: result: yes
configure:4352: checking for C compiler default output file name
configure:4354: result: a.out
configure:4360: checking for suffix of executables
configure:4367: gcc -o conftest    conftest.c  >&5
configure:4371: $? = 0
configure:4394: result: 
configure:4416: checking whether we are cross compiling
configure:4424: gcc -o conftest    conftest.c  >&5
configure:4428: $? = 0
configure:4435: ./conftest
configure:4439: $? = 0
configure:4454: result: no
configure:4459: checking for suffix of object files
configure:4482: gcc -c   conftest.c >&5
configure:4486: $? = 0
configure:4508: result: o
configure:4512: checking whether the compiler supports GNU C
configure:4532: gcc -c   conftest.c >&5
configure:4532: $? = 0
configure:4542: result: yes
configure:4553: checking whether gcc accepts -g
configure:4574: gcc -c -g  conftest.c >&5
configure:4574: $? = 0
configure:4618: result: yes
configure:4638: checking for gcc option to enable C11 features
configure:4653: gcc  -c -g -O2  conftest.c >&5
configure:4653: $? = 0
configure:4671: result: none needed
configure:4787: checking whether gcc understands -c and -o together
configure:4810: gcc -c conftest.c -o conftest2.o
configure:4813: $? = 0
configure:4810: gcc -c conftest.c -o conftest2.o
configure:4813: $? = 0
configure:4825: result: yes
configure:4845: checking whether make supports the include directive
configure:4860: make -f confmf.GNU && cat confinc.out
this is the am__doit target
configure:4863: $? = 0
configure:4882: result: yes (GNU style)
configure:4908: checking dependency style of gcc
configure:5020: result: gcc3
configure:5040: checking for stdio.h
configure:5040: gcc -c -g -O2  conftest.c >&5
configure:5040: $? = 0
configure:5040: result: yes
configure:5040: checking for stdlib.h
configure:5040: gcc -c -g -O2  conftest.c >&5
configure:5040: $? = 0
configure:5040: result: yes
configure:5040: checking for string.h
configure:5040: gcc -c -g -O2  conftest.c >&5
configure:5040: $? = 0
configure:5040: result: yes
configure:5040: checking for inttypes.h
configure:5040: gcc -c -g -O2  conftest.c >&5
configure:5040: $? = 0
configure:5040: result: yes
configure:5040: checking for stdint.h
configure:5040: gcc -c -g -O2  conftest.c >&5
configure:5040: $? = 0
configure:5040: result: yes
configure:5040: checking for strings.h
configure:5040: gcc -c -g -O2  conftest.c >&5
configure:5040: $? = 0
configure:5040: result: yes
configure:5040: checking for sys/stat.h
configure:5040: gcc -c -g -O2  conftest.c >&5
configure:5040: $? = 0
configure:5040: result: yes
configure:5040: checking for sys/types.h
configure:5040: gcc -c -g -O2  conftest.c >&5
configure:5040: $? = 0
configure:5040: result: yes
configure:5040: checking for unistd.h
configure:5040: gcc -c -g -O2  conftest.c >&5
configure:5040: $? = 0
configure:5040: result: yes
configure:5040: checking for wchar.h
configure:5040: gcc -c -g -O2  conftest.c >&5
configure:5040: $? = 0
configure:5040: result: yes
configure:5040: checking for minix/config.h
configure:5040: gcc -c -g -O2  conftest.c >&5
conftest.c:51:10: fatal error: minix/config.h: No such file or directory
   51 | #include <minix/config.h>
      |          ^~~~~~~~~~~~~~~~
compilation terminated.
configure:5040: $? = 1
configure: failed program was:
| /* confdefs.h */
| #define PACKAGE_NAME "file"
| #define PACKAGE_TARNAME "file"
| #define PACKAGE_VERSION "5.41"
| #define PACKAGE_STRING "file 5.41"
| #define PACKAGE_BUGREPORT "christos@astron.com"
| #define PACKAGE_URL ""
| #define PACKAGE "file"
| #define VERSION "5.41"
| #define BUILTIN_ELF 1
| #define ELFCORE 1
| #define HAVE_STDIO_H 1
| #define HAVE_STDLIB_H 1
| #define HAVE_STRING_H 1
| #define HAVE_INTTYPES_H 1
| #define HAVE_STDINT_H 1
| #define HAVE_STRINGS_H 1
| #define HAVE_SYS_STAT_H 1
| #define HAVE_SYS_TYPES_H 1
| #define HAVE_UNISTD_H 1
| #define HAVE_WCHAR_H 1
| /* end confdefs.h.  */
| #include <stddef.h>
| #ifdef HAVE_STDIO_H
| # include <stdio.h>
| #endif
| #ifdef HAVE_STDLIB_H
| # include <stdlib.h>
| #endif
| #ifdef HAVE_STRING_H
| # include <string.h>
| #endif
| #ifdef HAVE_INTTYPES_H
| # include <inttypes.h>
| #endif
| #ifdef HAVE_STDINT_H
| # include <stdint.h>
| #endif
| #ifdef HAVE_STRINGS_H
| # include <strings.h>
| #endif
| #ifdef HAVE_SYS_TYPES_H
| # include <sys/types.h>
| #endif
| #ifdef HAVE_SYS_STAT_H
| # include <sys/stat.h>
| #endif
| #ifdef HAVE_UNISTD_H
| # include <unistd.h>
| #endif
| #include <minix/config.h>
configure:5040: result: no
configure:5040: checking for sys/param.h
configure:5040: gcc -c -g -O2  conftest.c >&5
configure:5040: $? = 0
configure:5040: result: yes
configure:5040: checking for vfork.h
configure:5040: gcc -c -g -O2  conftest.c >&5
conftest.c:52:10: fatal error: vfork.h: No such file or directory
   52 | #include <vfork.h>
      |          ^~~~~~~~~
compilation terminated.
configure:5040: $? = 1
configure: failed program was:
| /* confdefs.h */
| #define PACKAGE_NAME "file"
| #define PACKAGE_TARNAME "file"
| #define PACKAGE_VERSION "5.41"
| #define PACKAGE_STRING "file 5.41"
| #define PACKAGE_BUGREPORT "christos@astron.com"
| #define PACKAGE_URL ""
| #define PACKAGE "file"
| #define VERSION "5.41"
| #define BUILTIN_ELF 1
| #define ELFCORE 1
| #define HAVE_STDIO_H 1
| #define HAVE_STDLIB_H 1
| #define HAVE_STRING_H 1
| #define HAVE_INTTYPES_H 1
| #define HAVE_STDINT_H 1
| #define HAVE_STRINGS_H 1
| #define HAVE_SYS_STAT_H 1
| #define HAVE_SYS_TYPES_H 1
| #define HAVE_UNISTD_H 1
| #define HAVE_WCHAR_H 1
| #define HAVE_SYS_PARAM_H 1
| /* end confdefs.h.  */
| #include <stddef.h>
| #ifdef HAVE_STDIO_H
| # include <stdio.h>
| #endif
| #ifdef HAVE_STDLIB_H
| # include <stdlib.h>
| #endif
| #ifdef HAVE_STRING_H
| # include <string.h>
| #endif
| #ifdef HAVE_INTTYPES_H
| # include <inttypes.h>
| #endif
| #ifdef HAVE_STDINT_H
| # include <stdint.h>
| #endif
| #ifdef HAVE_STRINGS_H
| # include <strings.h>
| #endif
| #ifdef HAVE_SYS_TYPES_H
| # include <sys/types.h>
| #endif
| #ifdef HAVE_SYS_STAT_H
| # include <sys/stat.h>
| #endif
| #ifdef HAVE_UNISTD_H
| # include <unistd.h>
| #endif
| #include <vfork.h>
configure:5040: result: no
configure:5071: checking whether it is safe to define __EXTENSIONS__
configure:5090: gcc -c -g -O2  conftest.c >&5
configure:5090: $? = 0
configure:5098: result: yes
configure:5101: checking whether _XOPEN_SOURCE should be defined
configure:5123: gcc -c -g -O2  conftest.c >&5
configure:5123: $? = 0
configure:5150: result: no
configure:5207: checking whether byte ordering is bigendian
configure:5223: gcc -c -g -O2  conftest.c >&5
conftest.c:42:16: error: unknown type name 'not'
   42 |                not a universal capable compiler
      |                ^~~
conftest.c:42:22: error: expected '=', ',', ';', 'asm' or '__attribute__' before 'universal'
   42 |                not a universal capable compiler
      |                      ^~~~~~~~~
conftest.c:42:22: error: unknown type name 'universal'
configure:5223: $? = 1
configure: failed program was:
| /* confdefs.h */
| #define PACKAGE_NAME "file"
| #define PACKAGE_TARNAME "file"
| #define PACKAGE_VERSION "5.41"
| #define PACKAGE_STRING "file 5.41"
| #define PACKAGE_BUGREPORT "christos@astron.com"
| #define PACKAGE_URL ""
| #define PACKAGE "file"
| #define VERSION "5.41"
| #define BUILTIN_ELF 1
| #define ELFCORE 1
| #define HAVE_STDIO_H 1
| #define HAVE_STDLIB_H 1
| #define HAVE_STRING_H 1
| #define HAVE_INTTYPES_H 1
| #define HAVE_STDINT_H 1
| #define HAVE_STRINGS_H 1
| #define HAVE_SYS_STAT_H 1
| #define HAVE_SYS_TYPES_H 1
| #define HAVE_UNISTD_H 1
| #define HAVE_WCHAR_H 1
| #define HAVE_SYS_PARAM_H 1
| #define STDC_HEADERS 1
| #define _ALL_SOURCE 1
| #define _DARWIN_C_SOURCE 1
| #define _GNU_SOURCE 1
| #define _HPUX_ALT_XOPEN_SOCKET_API 1
| #define _NETBSD_SOURCE 1
| #define _OPENBSD_SOURCE 1
| #define _POSIX_PTHREAD_SEMANTICS 1
| #define __STDC_WANT_IEC_60559_ATTRIBS_EXT__ 1
| #define __STDC_WANT_IEC_60559_BFP_EXT__ 1
| #define __STDC_WANT_IEC_60559_DFP_EXT__ 1
| #define __STDC_WANT_IEC_60559_FUNCS_EXT__ 1
| #define __STDC_WANT_IEC_60559_TYPES_EXT__ 1
| #define __STDC_WANT_LIB_EXT2__ 1
| #define __STDC_WANT_MATH_SPEC_FUNCS__ 1
| #define _TANDEM_SOURCE 1
| #define __EXTENSIONS__ 1
| /* end confdefs.h.  */
| #ifndef __APPLE_CC__
| 	       not a universal capable compiler
| 	     #endif
| 	     typedef int dummy;
| 
configure:5269: gcc -c -g -O2  conftest.c >&5
configure:5269: $? = 0
configure:5288: gcc -c -g -O2  conftest.c >&5
conftest.c: In function 'main':
conftest.c:48:18: error: unknown type name 'not'; did you mean 'ino_t'?
   48 |                  not big endian
      |                  ^~~
      |                  ino_t
conftest.c:48:26: error: expected '=', ',', ';', 'asm' or '__attribute__' before 'endian'
   48 |                  not big endian
      |                          ^~~~~~
configure:5288: $? = 1
configure: failed program was:
| /* confdefs.h */
| #define PACKAGE_NAME "file"
| #define PACKAGE_TARNAME "file"
| #define PACKAGE_VERSION "5.41"
| #define PACKAGE_STRING "file 5.41"
| #define PACKAGE_BUGREPORT "christos@astron.com"
| #define PACKAGE_URL ""
| #define PACKAGE "file"
| #define VERSION "5.41"
| #define BUILTIN_ELF 1
| #define ELFCORE 1
| #define HAVE_STDIO_H 1
| #define HAVE_STDLIB_H 1
| #define HAVE_STRING_H 1
| #define HAVE_INTTYPES_H 1
| #define HAVE_STDINT_H 1
| #define HAVE_STRINGS_H 1
| #define HAVE_SYS_STAT_H 1
| #define HAVE_SYS_TYPES_H 1
| #define HAVE_UNISTD_H 1
| #define HAVE_WCHAR_H 1
| #define HAVE_SYS_PARAM_H 1
| #define STDC_HEADERS 1
| #define _ALL_SOURCE 1
| #define _DARWIN_C_SOURCE 1
| #define _GNU_SOURCE 1
| #define _HPUX_ALT_XOPEN_SOCKET_API 1
| #define _NETBSD_SOURCE 1
| #define _OPENBSD_SOURCE 1
| #define _POSIX_PTHREAD_SEMANTICS 1
| #define __STDC_WANT_IEC_60559_ATTRIBS_EXT__ 1
| #define __STDC_WANT_IEC_60559_BFP_EXT__ 1
| #define __STDC_WANT_IEC_60559_DFP_EXT__ 1
| #define __STDC_WANT_IEC_60559_FUNCS_EXT__ 1
| #define __STDC_WANT_IEC_60559_TYPES_EXT__ 1
| #define __STDC_WANT_LIB_EXT2__ 1
| #define __STDC_WANT_MATH_SPEC_FUNCS__ 1
| #define _TANDEM_SOURCE 1
| #define __EXTENSIONS__ 1
| /* end confdefs.h.  */
| #include <sys/types.h>
| 		#include <sys/param.h>
| 
| int
| main (void)
| {
| #if BYTE_ORDER != BIG_ENDIAN
| 		 not big endian
| 		#endif
| 
|   ;
|   return 0;
| }
configure:5422: result: no
configure:5441: checking whether ln -s works
configure:5445: result: yes
configure:5499: checking how to print strings
configure:5526: result: printf
configure:5547: checking for a sed that does not truncate output
configure:5617: result: /usr/bin/sed
configure:5635: checking for grep that handles long lines and -e
configure:5699: result: /usr/bin/grep
configure:5704: checking for egrep
configure:5772: result: /usr/bin/grep -E
configure:5777: checking for fgrep
configure:5845: result: /usr/bin/grep -F
configure:5881: checking for ld used by gcc
configure:5949: result: /usr/bin/ld
configure:5956: checking if the linker (/usr/bin/ld) is GNU ld
configure:5972: result: yes
configure:5984: checking for BSD- or MS-compatible name lister (nm)
configure:6039: result: /usr/bin/nm -B
configure:6179: checking the name lister (/usr/bin/nm -B) interface
configure:6187: gcc -c -g -O2  conftest.c >&5
configure:6190: /usr/bin/nm -B "conftest.o"
configure:6193: output
0000000000000000 B some_variable
configure:6200: result: BSD nm
configure:6204: checking the maximum length of command line arguments
configure:6336: result: 1572864
configure:6384: checking how to convert x86_64-pc-linux-gnu file names to x86_64-pc-linux-gnu format
configure:6425: result: func_convert_file_noop
configure:6432: checking how to convert x86_64-pc-linux-gnu file names to toolchain format
configure:6453: result: func_convert_file_noop
configure:6460: checking for /usr/bin/ld option to reload object files
configure:6468: result: -r
configure:6547: checking for objdump
configure:6568: found /usr/bin/objdump
configure:6579: result: objdump
configure:6611: checking how to recognize dependent libraries
configure:6812: result: pass_all
configure:6902: checking for dlltool
configure:6937: result: no
configure:6967: checking how to associate runtime and link libraries
configure:6995: result: printf %s\n
configure:7060: checking for ar
configure:7081: found /usr/bin/ar
configure:7092: result: ar
configure:7129: checking for archiver @FILE support
configure:7147: gcc -c -g -O2  conftest.c >&5
configure:7147: $? = 0
configure:7151: ar cru libconftest.a @conftest.lst >&5
ar: `u' modifier ignored since `D' is the default (see `U')
configure:7154: $? = 0
configure:7159: ar cru libconftest.a @conftest.lst >&5
ar: `u' modifier ignored since `D' is the default (see `U')
ar: conftest.o: No such file or directory
configure:7162: $? = 1
configure:7174: result: @
configure:7237: checking for strip
configure:7258: found /usr/bin/strip
configure:7269: result: strip
configure:7346: checking for ranlib
configure:7367: found /usr/bin/ranlib
configure:7378: result: ranlib
configure:7480: checking command to parse /usr/bin/nm -B output from gcc object
configure:7634: gcc -c -g -O2  conftest.c >&5
configure:7637: $? = 0
configure:7641: /usr/bin/nm -B conftest.o \| sed -n -e 's/^.*[ ]\([ABCDGIRSTW][ABCDGIRSTW]*\)[ ][ ]*\([_A-Za-z][_A-Za-z0-9]*\)$/\1 \2 \2/p' | sed '/ __gnu_lto/d' \> conftest.nm
configure:7644: $? = 0
configure:7710: gcc -o conftest -g -O2   conftest.c conftstm.o >&5
configure:7713: $? = 0
configure:7751: result: ok
configure:7798: checking for sysroot
configure:7829: result: no
configure:7836: checking for a working dd
configure:7880: result: /usr/bin/dd
configure:7884: checking how to truncate binary pipes
configure:7900: result: /usr/bin/dd bs=4096 count=1
configure:8037: gcc -c -g -O2  conftest.c >&5
configure:8040: $? = 0
configure:8237: checking for mt
configure:8258: found /usr/bin/mt
configure:8269: result: mt
configure:8292: checking if mt is a manifest tool
configure:8299: mt '-?'
configure:8307: result: no
configure:9033: checking for dlfcn.h
configure:9033: gcc -c -g -O2  conftest.c >&5
configure:9033: $? = 0
configure:9033: result: yes
configure:9290: checking for objdir
configure:9306: result: .libs
configure:9570: checking if gcc supports -fno-rtti -fno-exceptions
configure:9589: gcc -c -g -O2  -fno-rtti -fno-exceptions conftest.c >&5
cc1: warning: command-line option '-fno-rtti' is valid for C++/D/ObjC++ but not for C
configure:9593: $? = 0
configure:9606: result: no
configure:9964: checking for gcc option to produce PIC
configure:9972: result: -fPIC -DPIC
configure:9980: checking if gcc PIC flag -fPIC -DPIC works
configure:9999: gcc -c -g -O2  -fPIC -DPIC -DPIC conftest.c >&5
configure:10003: $? = 0
configure:10016: result: yes
configure:10045: checking if gcc static flag -static works
configure:10074: result: yes
configure:10089: checking if gcc supports -c -o file.o
configure:10111: gcc -c -g -O2  -o out/conftest2.o conftest.c >&5
configure:10115: $? = 0
configure:10137: result: yes
configure:10145: checking if gcc supports -c -o file.o
configure:10193: result: yes
configure:10226: checking whether the gcc linker (/usr/bin/ld) supports shared libraries
configure:11492: result: yes
configure:11733: checking dynamic linker characteristics
configure:12315: gcc -o conftest -g -O2   -Wl,-rpath -Wl,/foo conftest.c  >&5
configure:12315: $? = 0
configure:12554: result: GNU/Linux ld.so
configure:12676: checking how to hardcode library paths into programs
configure:12701: result: immediate
configure:13253: checking whether stripping libraries is possible
configure:13258: result: yes
configure:13293: checking if libtool supports shared libraries
configure:13295: result: yes
configure:13298: checking whether to build shared libraries
configure:13323: result: no
configure:13326: checking whether to build static libraries
configure:13330: result: yes
configure:13372: checking whether the -Werror option is usable
configure:13392: gcc -c -g -O2 -Werror  conftest.c >&5
configure:13392: $? = 0
configure:13402: result: yes
configure:13404: checking for simple visibility declarations
configure:13432: gcc -c -g -O2 -fvisibility=hidden -Werror  conftest.c >&5
configure:13432: $? = 0
configure:13442: result: yes
configure:13456: checking for sys/mkdev.h
configure:13456: gcc -c -g -O2  conftest.c >&5
conftest.c:72:10: fatal error: sys/mkdev.h: No such file or directory
   72 | #include <sys/mkdev.h>
      |          ^~~~~~~~~~~~~
compilation terminated.
configure:13456: $? = 1
configure: failed program was:
| /* confdefs.h */
| #define PACKAGE_NAME "file"
| #define PACKAGE_TARNAME "file"
| #define PACKAGE_VERSION "5.41"
| #define PACKAGE_STRING "file 5.41"
| #define PACKAGE_BUGREPORT "christos@astron.com"
| #define PACKAGE_URL ""
| #define PACKAGE "file"
| #define VERSION "5.41"
| #define BUILTIN_ELF 1
| #define ELFCORE 1
| #define HAVE_STDIO_H 1
| #define HAVE_STDLIB_H 1
| #define HAVE_STRING_H 1
| #define HAVE_INTTYPES_H 1
| #define HAVE_STDINT_H 1
| #define HAVE_STRINGS_H 1
| #define HAVE_SYS_STAT_H 1
| #define HAVE_SYS_TYPES_H 1
| #define HAVE_UNISTD_H 1
| #define HAVE_WCHAR_H 1
| #define HAVE_SYS_PARAM_H 1
| #define STDC_HEADERS 1
| #define _ALL_SOURCE 1
| #define _DARWIN_C_SOURCE 1
| #define _GNU_SOURCE 1
| #define _HPUX_ALT_XOPEN_SOCKET_API 1
| #define _NETBSD_SOURCE 1
| #define _OPENBSD_SOURCE 1
| #define _POSIX_PTHREAD_SEMANTICS 1
| #define __STDC_WANT_IEC_60559_ATTRIBS_EXT__ 1
| #define __STDC_WANT_IEC_60559_BFP_EXT__ 1
| #define __STDC_WANT_IEC_60559_DFP_EXT__ 1
| #define __STDC_WANT_IEC_60559_FUNCS_EXT__ 1
| #define __STDC_WANT_IEC_60559_TYPES_EXT__ 1
| #define __STDC_WANT_LIB_EXT2__ 1
| #define __STDC_WANT_MATH_SPEC_FUNCS__ 1
| #define _TANDEM_SOURCE 1
| #define __EXTENSIONS__ 1
| #define HAVE_DLFCN_H 1
| #define LT_OBJDIR ".libs/"
| #define HAVE_VISIBILITY 1
| /* end confdefs.h.  */
| #include <stddef.h>
| #ifdef HAVE_STDIO_H
| # include <stdio.h>
| #endif
| #ifdef HAVE_STDLIB_H
| # include <stdlib.h>
| #endif
| #ifdef HAVE_STRING_H
| # include <string.h>
| #endif
| #ifdef HAVE_INTTYPES_H
| # include <inttypes.h>
| #endif
| #ifdef HAVE_STDINT_H
| # include <stdint.h>
| #endif
| #ifdef HAVE_STRINGS_H
| # include <strings.h>
| #endif
| #ifdef HAVE_SYS_TYPES_H
| # include <sys/types.h>
| #endif
| #ifdef HAVE_SYS_STAT_H
| # include <sys/stat.h>
| #endif
| #ifdef HAVE_UNISTD_H
| # include <unistd.h>
| #endif
| #include <sys/mkdev.h>
configure:13456: result: no
configure:13465: checking for sys/sysmacros.h
configure:13465: gcc -c -g -O2  conftest.c >&5
configure:13465: $? = 0
configure:13465: result: yes
configure:13475: checking for sys/wait.h that is POSIX.1 compatible
configure:13502: gcc -c -g -O2  conftest.c >&5
configure:13502: $? = 0
configure:13510: result: yes
configure:13518: checking for stdint.h
configure:13518: result: yes
configure:13524: checking for fcntl.h
configure:13524: gcc -c -g -O2  conftest.c >&5
configure:13524: $? = 0
configure:13524: result: yes
configure:13530: checking for inttypes.h
configure:13530: result: yes
configure:13536: checking for unistd.h
configure:13536: result: yes
configure:13543: checking for utime.h
configure:13543: gcc -c -g -O2  conftest.c >&5
configure:13543: $? = 0
configure:13543: result: yes
configure:13549: checking for wchar.h
configure:13549: result: yes
configure:13555: checking for wctype.h
configure:13555: gcc -c -g -O2  conftest.c >&5
configure:13555: $? = 0
configure:13555: result: yes
configure:13562: checking for getopt.h
configure:13562: gcc -c -g -O2  conftest.c >&5
configure:13562: $? = 0
configure:13562: result: yes
configure:13568: checking for err.h
configure:13568: gcc -c -g -O2  conftest.c >&5
configure:13568: $? = 0
configure:13568: result: yes
configure:13574: checking for xlocale.h
configure:13574: gcc -c -g -O2  conftest.c >&5
conftest.c:83:10: fatal error: xlocale.h: No such file or directory
   83 | #include <xlocale.h>
      |          ^~~~~~~~~~~
compilation terminated.
configure:13574: $? = 1
configure: failed program was:
| /* confdefs.h */
| #define PACKAGE_NAME "file"
| #define PACKAGE_TARNAME "file"
| #define PACKAGE_VERSION "5.41"
| #define PACKAGE_STRING "file 5.41"
| #define PACKAGE_BUGREPORT "christos@astron.com"
| #define PACKAGE_URL ""
| #define PACKAGE "file"
| #define VERSION "5.41"
| #define BUILTIN_ELF 1
| #define ELFCORE 1
| #define HAVE_STDIO_H 1
| #define HAVE_STDLIB_H 1
| #define HAVE_STRING_H 1
| #define HAVE_INTTYPES_H 1
| #define HAVE_STDINT_H 1
| #define HAVE_STRINGS_H 1
| #define HAVE_SYS_STAT_H 1
| #define HAVE_SYS_TYPES_H 1
| #define HAVE_UNISTD_H 1
| #define HAVE_WCHAR_H 1
| #define HAVE_SYS_PARAM_H 1
| #define STDC_HEADERS 1
| #define _ALL_SOURCE 1
| #define _DARWIN_C_SOURCE 1
| #define _GNU_SOURCE 1
| #define _HPUX_ALT_XOPEN_SOCKET_API 1
| #define _NETBSD_SOURCE 1
| #define _OPENBSD_SOURCE 1
| #define _POSIX_PTHREAD_SEMANTICS 1
| #define __STDC_WANT_IEC_60559_ATTRIBS_EXT__ 1
| #define __STDC_WANT_IEC_60559_BFP_EXT__ 1
| #define __STDC_WANT_IEC_60559_DFP_EXT__ 1
| #define __STDC_WANT_IEC_60559_FUNCS_EXT__ 1
| #define __STDC_WANT_IEC_60559_TYPES_EXT__ 1
| #define __STDC_WANT_LIB_EXT2__ 1
| #define __STDC_WANT_MATH_SPEC_FUNCS__ 1
| #define _TANDEM_SOURCE 1
| #define __EXTENSIONS__ 1
| #define HAVE_DLFCN_H 1
| #define LT_OBJDIR ".libs/"
| #define HAVE_VISIBILITY 1
| #define MAJOR_IN_SYSMACROS 1
| #define HAVE_SYS_WAIT_H 1
| #define HAVE_STDINT_H 1
| #define HAVE_FCNTL_H 1
| #define HAVE_INTTYPES_H 1
| #define HAVE_UNISTD_H 1
| #define HAVE_UTIME_H 1
| #define HAVE_WCHAR_H 1
| #define HAVE_WCTYPE_H 1
| #define HAVE_GETOPT_H 1
| #define HAVE_ERR_H 1
| /* end confdefs.h.  */
| #include <stddef.h>
| #ifdef HAVE_STDIO_H
| # include <stdio.h>
| #endif
| #ifdef HAVE_STDLIB_H
| # include <stdlib.h>
| #endif
| #ifdef HAVE_STRING_H
| # include <string.h>
| #endif
| #ifdef HAVE_INTTYPES_H
| # include <inttypes.h>
| #endif
| #ifdef HAVE_STDINT_H
| # include <stdint.h>
| #endif
| #ifdef HAVE_STRINGS_H
| # include <strings.h>
| #endif
| #ifdef HAVE_SYS_TYPES_H
| # include <sys/types.h>
| #endif
| #ifdef HAVE_SYS_STAT_H
| # include <sys/stat.h>
| #endif
| #ifdef HAVE_UNISTD_H
| # include <unistd.h>
| #endif
| #include <xlocale.h>
configure:13574: result: no
configure:13581: checking for sys/mman.h
configure:13581: gcc -c -g -O2  conftest.c >&5
configure:13581: $? = 0
configure:13581: result: yes
configure:13587: checking for sys/stat.h
configure:13587: result: yes
configure:13593: checking for sys/types.h
configure:13593: result: yes
configure:13599: checking for sys/utime.h
configure:13599: gcc -c -g -O2  conftest.c >&5
conftest.c:86:10: fatal error: sys/utime.h: No such file or directory
   86 | #include <sys/utime.h>
      |          ^~~~~~~~~~~~~
compilation terminated.
configure:13599: $? = 1
configure: failed program was:
| /* confdefs.h */
| #define PACKAGE_NAME "file"
| #define PACKAGE_TARNAME "file"
| #define PACKAGE_VERSION "5.41"
| #define PACKAGE_STRING "file 5.41"
| #define PACKAGE_BUGREPORT "christos@astron.com"
| #define PACKAGE_URL ""
| #define PACKAGE "file"
| #define VERSION "5.41"
| #define BUILTIN_ELF 1
| #define ELFCORE 1
| #define HAVE_STDIO_H 1
| #define HAVE_STDLIB_H 1
| #define HAVE_STRING_H 1
| #define HAVE_INTTYPES_H 1
| #define HAVE_STDINT_H 1
| #define HAVE_STRINGS_H 1
| #define HAVE_SYS_STAT_H 1
| #define HAVE_SYS_TYPES_H 1
| #define HAVE_UNISTD_H 1
| #define HAVE_WCHAR_H 1
| #define HAVE_SYS_PARAM_H 1
| #define STDC_HEADERS 1
| #define _ALL_SOURCE 1
| #define _DARWIN_C_SOURCE 1
| #define _GNU_SOURCE 1
| #define _HPUX_ALT_XOPEN_SOCKET_API 1
| #define _NETBSD_SOURCE 1
| #define _OPENBSD_SOURCE 1
| #define _POSIX_PTHREAD_SEMANTICS 1
| #define __STDC_WANT_IEC_60559_ATTRIBS_EXT__ 1
| #define __STDC_WANT_IEC_60559_BFP_EXT__ 1
| #define __STDC_WANT_IEC_60559_DFP_EXT__ 1
| #define __STDC_WANT_IEC_60559_FUNCS_EXT__ 1
| #define __STDC_WANT_IEC_60559_TYPES_EXT__ 1
| #define __STDC_WANT_LIB_EXT2__ 1
| #define __STDC_WANT_MATH_SPEC_FUNCS__ 1
| #define _TANDEM_SOURCE 1
| #define __EXTENSIONS__ 1
| #define HAVE_DLFCN_H 1
| #define LT_OBJDIR ".libs/"
| #define HAVE_VISIBILITY 1
| #define MAJOR_IN_SYSMACROS 1
| #define HAVE_SYS_WAIT_H 1
| #define HAVE_STDINT_H 1
| #define HAVE_FCNTL_H 1
| #define HAVE_INTTYPES_H 1
| #define HAVE_UNISTD_H 1
| #define HAVE_UTIME_H 1
| #define HAVE_WCHAR_H 1
| #define HAVE_WCTYPE_H 1
| #define HAVE_GETOPT_H 1
| #define HAVE_ERR_H 1
| #define HAVE_SYS_MMAN_H 1
| #define HAVE_SYS_STAT_H 1
| #define HAVE_SYS_TYPES_H 1
| /* end confdefs.h.  */
| #include <stddef.h>
| #ifdef HAVE_STDIO_H
| # include <stdio.h>
| #endif
| #ifdef HAVE_STDLIB_H
| # include <stdlib.h>
| #endif
| #ifdef HAVE_STRING_H
| # include <string.h>
| #endif
| #ifdef HAVE_INTTYPES_H
| # include <inttypes.h>
| #endif
| #ifdef HAVE_STDINT_H
| # include <stdint.h>
| #endif
| #ifdef HAVE_STRINGS_H
| # include <strings.h>
| #endif
| #ifdef HAVE_SYS_TYPES_H
| # include <sys/types.h>
| #endif
| #ifdef HAVE_SYS_STAT_H
| # include <sys/stat.h>
| #endif
| #ifdef HAVE_UNISTD_H
| # include <unistd.h>
| #endif
| #include <sys/utime.h>
configure:13599: result: no
configure:13605: checking for sys/time.h
configure:13605: gcc -c -g -O2  conftest.c >&5
configure:13605: $? = 0
configure:13605: result: yes
configure:13611: checking for sys/sysmacros.h
configure:13611: result: yes
configure:13619: checking for zlib.h
configure:13619: gcc -c -g -O2  conftest.c >&5
configure:13619: $? = 0
configure:13619: result: yes
configure:13628: checking for bzlib.h
configure:13628: gcc -c -g -O2  conftest.c >&5
configure:13628: $? = 0
configure:13628: result: yes
configure:13637: checking for lzma.h
configure:13637: gcc -c -g -O2  conftest.c >&5
configure:13637: $? = 0
configure:13637: result: yes
configure:13645: checking for sig_t
configure:13645: gcc -c -g -O2  conftest.c >&5
configure:13645: $? = 0
configure:13645: gcc -c -g -O2  conftest.c >&5
conftest.c: In function 'main':
conftest.c:68:20: error: expected expression before ')' token
   68 | if (sizeof ((sig_t)))
      |                    ^
configure:13645: $? = 1
configure: failed program was:
| /* confdefs.h */
| #define PACKAGE_NAME "file"
| #define PACKAGE_TARNAME "file"
| #define PACKAGE_VERSION "5.41"
| #define PACKAGE_STRING "file 5.41"
| #define PACKAGE_BUGREPORT "christos@astron.com"
| #define PACKAGE_URL ""
| #define PACKAGE "file"
| #define VERSION "5.41"
| #define BUILTIN_ELF 1
| #define ELFCORE 1
| #define HAVE_STDIO_H 1
| #define HAVE_STDLIB_H 1
| #define HAVE_STRING_H 1
| #define HAVE_INTTYPES_H 1
| #define HAVE_STDINT_H 1
| #define HAVE_STRINGS_H 1
| #define HAVE_SYS_STAT_H 1
| #define HAVE_SYS_TYPES_H 1
| #define HAVE_UNISTD_H 1
| #define HAVE_WCHAR_H 1
| #define HAVE_SYS_PARAM_H 1
| #define STDC_HEADERS 1
| #define _ALL_SOURCE 1
| #define _DARWIN_C_SOURCE 1
| #define _GNU_SOURCE 1
| #define _HPUX_ALT_XOPEN_SOCKET_API 1
| #define _NETBSD_SOURCE 1
| #define _OPENBSD_SOURCE 1
| #define _POSIX_PTHREAD_SEMANTICS 1
| #define __STDC_WANT_IEC_60559_ATTRIBS_EXT__ 1
| #define __STDC_WANT_IEC_60559_BFP_EXT__ 1
| #define __STDC_WANT_IEC_60559_DFP_EXT__ 1
| #define __STDC_WANT_IEC_60559_FUNCS_EXT__ 1
| #define __STDC_WANT_IEC_60559_TYPES_EXT__ 1
| #define __STDC_WANT_LIB_EXT2__ 1
| #define __STDC_WANT_MATH_SPEC_FUNCS__ 1
| #define _TANDEM_SOURCE 1
| #define __EXTENSIONS__ 1
| #define HAVE_DLFCN_H 1
| #define LT_OBJDIR ".libs/"
| #define HAVE_VISIBILITY 1
| #define MAJOR_IN_SYSMACROS 1
| #define HAVE_SYS_WAIT_H 1
| #define HAVE_STDINT_H 1
| #define HAVE_FCNTL_H 1
| #define HAVE_INTTYPES_H 1
| #define HAVE_UNISTD_H 1
| #define HAVE_UTIME_H 1
| #define HAVE_WCHAR_H 1
| #define HAVE_WCTYPE_H 1
| #define HAVE_GETOPT_H 1
| #define HAVE_ERR_H 1
| #define HAVE_SYS_MMAN_H 1
| #define HAVE_SYS_STAT_H 1
| #define HAVE_SYS_TYPES_H 1
| #define HAVE_SYS_TIME_H 1
| #define HAVE_SYS_SYSMACROS_H 1
| #define HAVE_ZLIB_H 1
| #define HAVE_BZLIB_H 1
| #define HAVE_LZMA_H 1
| /* end confdefs.h.  */
| #include <signal.h>
| 
| int
| main (void)
| {
| if (sizeof ((sig_t)))
| 	    return 0;
|   ;
|   return 0;
| }
configure:13645: result: yes
configure:13655: checking for off_t
configure:13655: gcc -c -g -O2  conftest.c >&5
configure:13655: $? = 0
configure:13655: gcc -c -g -O2  conftest.c >&5
conftest.c: In function 'main':
conftest.c:95:20: error: expected expression before ')' token
   95 | if (sizeof ((off_t)))
      |                    ^
configure:13655: $? = 1
configure: failed program was:
| /* confdefs.h */
| #define PACKAGE_NAME "file"
| #define PACKAGE_TARNAME "file"
| #define PACKAGE_VERSION "5.41"
| #define PACKAGE_STRING "file 5.41"
| #define PACKAGE_BUGREPORT "christos@astron.com"
| #define PACKAGE_URL ""
| #define PACKAGE "file"
| #define VERSION "5.41"
| #define BUILTIN_ELF 1
| #define ELFCORE 1
| #define HAVE_STDIO_H 1
| #define HAVE_STDLIB_H 1
| #define HAVE_STRING_H 1
| #define HAVE_INTTYPES_H 1
| #define HAVE_STDINT_H 1
| #define HAVE_STRINGS_H 1
| #define HAVE_SYS_STAT_H 1
| #define HAVE_SYS_TYPES_H 1
| #define HAVE_UNISTD_H 1
| #define HAVE_WCHAR_H 1
| #define HAVE_SYS_PARAM_H 1
| #define STDC_HEADERS 1
| #define _ALL_SOURCE 1
| #define _DARWIN_C_SOURCE 1
| #define _GNU_SOURCE 1
| #define _HPUX_ALT_XOPEN_SOCKET_API 1
| #define _NETBSD_SOURCE 1
| #define _OPENBSD_SOURCE 1
| #define _POSIX_PTHREAD_SEMANTICS 1
| #define __STDC_WANT_IEC_60559_ATTRIBS_EXT__ 1
| #define __STDC_WANT_IEC_60559_BFP_EXT__ 1
| #define __STDC_WANT_IEC_60559_DFP_EXT__ 1
| #define __STDC_WANT_IEC_60559_FUNCS_EXT__ 1
| #define __STDC_WANT_IEC_60559_TYPES_EXT__ 1
| #define __STDC_WANT_LIB_EXT2__ 1
| #define __STDC_WANT_MATH_SPEC_FUNCS__ 1
| #define _TANDEM_SOURCE 1
| #define __EXTENSIONS__ 1
| #define HAVE_DLFCN_H 1
| #define LT_OBJDIR ".libs/"
| #define HAVE_VISIBILITY 1
| #define MAJOR_IN_SYSMACROS 1
| #define HAVE_SYS_WAIT_H 1
| #define HAVE_STDINT_H 1
| #define HAVE_FCNTL_H 1
| #define HAVE_INTTYPES_H 1
| #define HAVE_UNISTD_H 1
| #define HAVE_UTIME_H 1
| #define HAVE_WCHAR_H 1
| #define HAVE_WCTYPE_H 1
| #define HAVE_GETOPT_H 1
| #define HAVE_ERR_H 1
| #define HAVE_SYS_MMAN_H 1
| #define HAVE_SYS_STAT_H 1
| #define HAVE_SYS_TYPES_H 1
| #define HAVE_SYS_TIME_H 1
| #define HAVE_SYS_SYSMACROS_H 1
| #define HAVE_ZLIB_H 1
| #define HAVE_BZLIB_H 1
| #define HAVE_LZMA_H 1
| #define HAVE_SIG_T 1
| /* end confdefs.h.  */
| #include <stddef.h>
| #ifdef HAVE_STDIO_H
| # include <stdio.h>
| #endif
| #ifdef HAVE_STDLIB_H
| # include <stdlib.h>
| #endif
| #ifdef HAVE_STRING_H
| # include <string.h>
| #endif
| #ifdef HAVE_INTTYPES_H
| # include <inttypes.h>
| #endif
| #ifdef HAVE_STDINT_H
| # include <stdint.h>
| #endif
| #ifdef HAVE_STRINGS_H
| # include <strings.h>
| #endif
| #ifdef HAVE_SYS_TYPES_H
| # include <sys/types.h>
| #endif
| #ifdef HAVE_SYS_STAT_H
| # include <sys/stat.h>
| #endif
| #ifdef HAVE_UNISTD_H
| # include <unistd.h>
| #endif
| int
| main (void)
| {
| if (sizeof ((off_t)))
| 	    return 0;
|   ;
|   return 0;
| }
configure:13655: result: yes
configure:13665: checking for size_t
configure:13665: gcc -c -g -O2  conftest.c >&5
configure:13665: $? = 0
configure:13665: gcc -c -g -O2  conftest.c >&5
conftest.c: In function 'main':
conftest.c:95:21: error: expected expression before ')' token
   95 | if (sizeof ((size_t)))
      |                     ^
configure:13665: $? = 1
configure: failed program was:
| /* confdefs.h */
| #define PACKAGE_NAME "file"
| #define PACKAGE_TARNAME "file"
| #define PACKAGE_VERSION "5.41"
| #define PACKAGE_STRING "file 5.41"
| #define PACKAGE_BUGREPORT "christos@astron.com"
| #define PACKAGE_URL ""
| #define PACKAGE "file"
| #define VERSION "5.41"
| #define BUILTIN_ELF 1
| #define ELFCORE 1
| #define HAVE_STDIO_H 1
| #define HAVE_STDLIB_H 1
| #define HAVE_STRING_H 1
| #define HAVE_INTTYPES_H 1
| #define HAVE_STDINT_H 1
| #define HAVE_STRINGS_H 1
| #define HAVE_SYS_STAT_H 1
| #define HAVE_SYS_TYPES_H 1
| #define HAVE_UNISTD_H 1
| #define HAVE_WCHAR_H 1
| #define HAVE_SYS_PARAM_H 1
| #define STDC_HEADERS 1
| #define _ALL_SOURCE 1
| #define _DARWIN_C_SOURCE 1
| #define _GNU_SOURCE 1
| #define _HPUX_ALT_XOPEN_SOCKET_API 1
| #define _NETBSD_SOURCE 1
| #define _OPENBSD_SOURCE 1
| #define _POSIX_PTHREAD_SEMANTICS 1
| #define __STDC_WANT_IEC_60559_ATTRIBS_EXT__ 1
| #define __STDC_WANT_IEC_60559_BFP_EXT__ 1
| #define __STDC_WANT_IEC_60559_DFP_EXT__ 1
| #define __STDC_WANT_IEC_60559_FUNCS_EXT__ 1
| #define __STDC_WANT_IEC_60559_TYPES_EXT__ 1
| #define __STDC_WANT_LIB_EXT2__ 1
| #define __STDC_WANT_MATH_SPEC_FUNCS__ 1
| #define _TANDEM_SOURCE 1
| #define __EXTENSIONS__ 1
| #define HAVE_DLFCN_H 1
| #define LT_OBJDIR ".libs/"
| #define HAVE_VISIBILITY 1
| #define MAJOR_IN_SYSMACROS 1
| #define HAVE_SYS_WAIT_H 1
| #define HAVE_STDINT_H 1
| #define HAVE_FCNTL_H 1
| #define HAVE_INTTYPES_H 1
| #define HAVE_UNISTD_H 1
| #define HAVE_UTIME_H 1
| #define HAVE_WCHAR_H 1
| #define HAVE_WCTYPE_H 1
| #define HAVE_GETOPT_H 1
| #define HAVE_ERR_H 1
| #define HAVE_SYS_MMAN_H 1
| #define HAVE_SYS_STAT_H 1
| #define HAVE_SYS_TYPES_H 1
| #define HAVE_SYS_TIME_H 1
| #define HAVE_SYS_SYSMACROS_H 1
| #define HAVE_ZLIB_H 1
| #define HAVE_BZLIB_H 1
| #define HAVE_LZMA_H 1
| #define HAVE_SIG_T 1
| /* end confdefs.h.  */
| #include <stddef.h>
| #ifdef HAVE_STDIO_H
| # include <stdio.h>
| #endif
| #ifdef HAVE_STDLIB_H
| # include <stdlib.h>
| #endif
| #ifdef HAVE_STRING_H
| # include <string.h>
| #endif
| #ifdef HAVE_INTTYPES_H
| # include <inttypes.h>
| #endif
| #ifdef HAVE_STDINT_H
| # include <stdint.h>
| #endif
| #ifdef HAVE_STRINGS_H
| # include <strings.h>
| #endif
| #ifdef HAVE_SYS_TYPES_H
| # include <sys/types.h>
| #endif
| #ifdef HAVE_SYS_STAT_H
| # include <sys/stat.h>
| #endif
| #ifdef HAVE_UNISTD_H
| # include <unistd.h>
| #endif
| int
| main (void)
| {
| if (sizeof ((size_t)))
| 	    return 0;
|   ;
|   return 0;
| }
configure:13665: result: yes
configure:13675: checking for struct stat.st_rdev
configure:13675: gcc -c -g -O2  conftest.c >&5
configure:13675: $? = 0
configure:13675: result: yes
configure:13685: checking for struct tm.tm_gmtoff
configure:13685: gcc -c -g -O2  conftest.c >&5
configure:13685: $? = 0
configure:13685: result: yes
configure:13695: checking whether struct tm is in sys/time.h or time.h
configure:13716: gcc -c -g -O2  conftest.c >&5
configure:13716: $? = 0
configure:13724: result: time.h
configure:13732: checking for gcc options needed to detect all undeclared functions
configure:13754: gcc -c -g -O2   conftest.c >&5
conftest.c: In function 'main':
conftest.c:70:8: error: 'strchr' undeclared (first use in this function)
   70 | (void) strchr;
      |        ^~~~~~
conftest.c:1:1: note: 'strchr' is defined in header '<string.h>'; did you forget to '#include <string.h>'?
    1 | /* confdefs.h */
conftest.c:70:8: note: each undeclared identifier is reported only once for each function it appears in
   70 | (void) strchr;
      |        ^~~~~~
configure:13754: $? = 1
configure: failed program was:
| /* confdefs.h */
| #define PACKAGE_NAME "file"
| #define PACKAGE_TARNAME "file"
| #define PACKAGE_VERSION "5.41"
| #define PACKAGE_STRING "file 5.41"
| #define PACKAGE_BUGREPORT "christos@astron.com"
| #define PACKAGE_URL ""
| #define PACKAGE "file"
| #define VERSION "5.41"
| #define BUILTIN_ELF 1
| #define ELFCORE 1
| #define HAVE_STDIO_H 1
| #define HAVE_STDLIB_H 1
| #define HAVE_STRING_H 1
| #define HAVE_INTTYPES_H 1
| #define HAVE_STDINT_H 1
| #define HAVE_STRINGS_H 1
| #define HAVE_SYS_STAT_H 1
| #define HAVE_SYS_TYPES_H 1
| #define HAVE_UNISTD_H 1
| #define HAVE_WCHAR_H 1
| #define HAVE_SYS_PARAM_H 1
| #define STDC_HEADERS 1
| #define _ALL_SOURCE 1
| #define _DARWIN_C_SOURCE 1
| #define _GNU_SOURCE 1
| #define _HPUX_ALT_XOPEN_SOCKET_API 1
| #define _NETBSD_SOURCE 1
| #define _OPENBSD_SOURCE 1
| #define _POSIX_PTHREAD_SEMANTICS 1
| #define __STDC_WANT_IEC_60559_ATTRIBS_EXT__ 1
| #define __STDC_WANT_IEC_60559_BFP_EXT__ 1
| #define __STDC_WANT_IEC_60559_DFP_EXT__ 1
| #define __STDC_WANT_IEC_60559_FUNCS_EXT__ 1
| #define __STDC_WANT_IEC_60559_TYPES_EXT__ 1
| #define __STDC_WANT_LIB_EXT2__ 1
| #define __STDC_WANT_MATH_SPEC_FUNCS__ 1
| #define _TANDEM_SOURCE 1
| #define __EXTENSIONS__ 1
| #define HAVE_DLFCN_H 1
| #define LT_OBJDIR ".libs/"
| #define HAVE_VISIBILITY 1
| #define MAJOR_IN_SYSMACROS 1
| #define HAVE_SYS_WAIT_H 1
| #define HAVE_STDINT_H 1
| #define HAVE_FCNTL_H 1
| #define HAVE_INTTYPES_H 1
| #define HAVE_UNISTD_H 1
| #define HAVE_UTIME_H 1
| #define HAVE_WCHAR_H 1
| #define HAVE_WCTYPE_H 1
| #define HAVE_GETOPT_H 1
| #define HAVE_ERR_H 1
| #define HAVE_SYS_MMAN_H 1
| #define HAVE_SYS_STAT_H 1
| #define HAVE_SYS_TYPES_H 1
| #define HAVE_SYS_TIME_H 1
| #define HAVE_SYS_SYSMACROS_H 1
| #define HAVE_ZLIB_H 1
| #define HAVE_BZLIB_H 1
| #define HAVE_LZMA_H 1
| #define HAVE_SIG_T 1
| #define HAVE_STRUCT_STAT_ST_RDEV 1
| #define HAVE_STRUCT_TM_TM_GMTOFF 1
| /* end confdefs.h.  */
| 
| int
| main (void)
| {
| (void) strchr;
|   ;
|   return 0;
| }
configure:13781: gcc -c -g -O2   conftest.c >&5
configure:13781: $? = 0
configure:13798: result: none needed
configure:13812: checking for struct tm.tm_zone
configure:13812: gcc -c -g -O2  conftest.c >&5
configure:13812: $? = 0
configure:13812: result: yes
configure:13878: checking for tm_zone in struct tm
configure:13896: gcc -c -g -O2  conftest.c >&5
configure:13896: $? = 0
configure:13904: result: yes
configure:13914: checking whether tzname is declared
configure:13914: gcc -c -g -O2   conftest.c >&5
configure:13914: $? = 0
configure:13914: result: yes
configure:13924: checking for tzname
configure:13944: gcc -o conftest -g -O2   conftest.c  >&5
configure:13944: $? = 0
configure:13953: result: yes
configure:13961: checking for tm_isdst in struct tm
configure:13979: gcc -c -g -O2  conftest.c >&5
configure:13979: $? = 0
configure:13987: result: yes
configure:13996: checking whether daylight is declared
configure:13996: gcc -c -g -O2   conftest.c >&5
configure:13996: $? = 0
configure:13996: result: yes
configure:14006: checking for daylight
configure:14026: gcc -o conftest -g -O2   conftest.c  >&5
conftest.c: In function 'main':
conftest.c:80:1: warning: implicit declaration of function 'atoi' [-Wimplicit-function-declaration]
   80 | atoi(daylight);
      | ^~~~
configure:14026: $? = 0
configure:14035: result: yes
configure:14051: checking for special C compiler options needed for large files
configure:14099: result: no
configure:14105: checking for _FILE_OFFSET_BITS value needed for large files
configure:14131: gcc -c -g -O2  conftest.c >&5
configure:14131: $? = 0
configure:14165: result: no
configure:14247: checking for _LARGEFILE_SOURCE value needed for large files
configure:14267: gcc -o conftest -g -O2   conftest.c  >&5
configure:14267: $? = 0
configure:14297: result: no
configure:14316: checking for mbstate_t
configure:14334: gcc -c -g -O2  conftest.c >&5
configure:14334: $? = 0
configure:14342: result: yes
configure:14354: checking for struct option in getopt
configure:14371: gcc -c -g -O2  conftest.c >&5
configure:14371: $? = 0
configure:14379: result: yes
configure:14388: checking for pid_t
configure:14388: gcc -c -g -O2  conftest.c >&5
configure:14388: $? = 0
configure:14388: gcc -c -g -O2  conftest.c >&5
conftest.c: In function 'main':
conftest.c:109:20: error: expected expression before ')' token
  109 | if (sizeof ((pid_t)))
      |                    ^
configure:14388: $? = 1
configure: failed program was:
| /* confdefs.h */
| #define PACKAGE_NAME "file"
| #define PACKAGE_TARNAME "file"
| #define PACKAGE_VERSION "5.41"
| #define PACKAGE_STRING "file 5.41"
| #define PACKAGE_BUGREPORT "christos@astron.com"
| #define PACKAGE_URL ""
| #define PACKAGE "file"
| #define VERSION "5.41"
| #define BUILTIN_ELF 1
| #define ELFCORE 1
| #define HAVE_STDIO_H 1
| #define HAVE_STDLIB_H 1
| #define HAVE_STRING_H 1
| #define HAVE_INTTYPES_H 1
| #define HAVE_STDINT_H 1
| #define HAVE_STRINGS_H 1
| #define HAVE_SYS_STAT_H 1
| #define HAVE_SYS_TYPES_H 1
| #define HAVE_UNISTD_H 1
| #define HAVE_WCHAR_H 1
| #define HAVE_SYS_PARAM_H 1
| #define STDC_HEADERS 1
| #define _ALL_SOURCE 1
| #define _DARWIN_C_SOURCE 1
| #define _GNU_SOURCE 1
| #define _HPUX_ALT_XOPEN_SOCKET_API 1
| #define _NETBSD_SOURCE 1
| #define _OPENBSD_SOURCE 1
| #define _POSIX_PTHREAD_SEMANTICS 1
| #define __STDC_WANT_IEC_60559_ATTRIBS_EXT__ 1
| #define __STDC_WANT_IEC_60559_BFP_EXT__ 1
| #define __STDC_WANT_IEC_60559_DFP_EXT__ 1
| #define __STDC_WANT_IEC_60559_FUNCS_EXT__ 1
| #define __STDC_WANT_IEC_60559_TYPES_EXT__ 1
| #define __STDC_WANT_LIB_EXT2__ 1
| #define __STDC_WANT_MATH_SPEC_FUNCS__ 1
| #define _TANDEM_SOURCE 1
| #define __EXTENSIONS__ 1
| #define HAVE_DLFCN_H 1
| #define LT_OBJDIR ".libs/"
| #define HAVE_VISIBILITY 1
| #define MAJOR_IN_SYSMACROS 1
| #define HAVE_SYS_WAIT_H 1
| #define HAVE_STDINT_H 1
| #define HAVE_FCNTL_H 1
| #define HAVE_INTTYPES_H 1
| #define HAVE_UNISTD_H 1
| #define HAVE_UTIME_H 1
| #define HAVE_WCHAR_H 1
| #define HAVE_WCTYPE_H 1
| #define HAVE_GETOPT_H 1
| #define HAVE_ERR_H 1
| #define HAVE_SYS_MMAN_H 1
| #define HAVE_SYS_STAT_H 1
| #define HAVE_SYS_TYPES_H 1
| #define HAVE_SYS_TIME_H 1
| #define HAVE_SYS_SYSMACROS_H 1
| #define HAVE_ZLIB_H 1
| #define HAVE_BZLIB_H 1
| #define HAVE_LZMA_H 1
| #define HAVE_SIG_T 1
| #define HAVE_STRUCT_STAT_ST_RDEV 1
| #define HAVE_STRUCT_TM_TM_GMTOFF 1
| #define HAVE_STRUCT_TM_TM_ZONE 1
| #define HAVE_TM_ZONE 1
| #define HAVE_TM_ZONE 1
| #define HAVE_DECL_TZNAME 1
| #define HAVE_TZNAME 1
| #define HAVE_TM_ISDST 1
| #define HAVE_DECL_DAYLIGHT 1
| #define HAVE_DAYLIGHT 1
| #define HAVE_FSEEKO 1
| #define HAVE_MBSTATE_T 1
| #define HAVE_STRUCT_OPTION 1
| /* end confdefs.h.  */
| #include <stddef.h>
| #ifdef HAVE_STDIO_H
| # include <stdio.h>
| #endif
| #ifdef HAVE_STDLIB_H
| # include <stdlib.h>
| #endif
| #ifdef HAVE_STRING_H
| # include <string.h>
| #endif
| #ifdef HAVE_INTTYPES_H
| # include <inttypes.h>
| #endif
| #ifdef HAVE_STDINT_H
| # include <stdint.h>
| #endif
| #ifdef HAVE_STRINGS_H
| # include <strings.h>
| #endif
| #ifdef HAVE_SYS_TYPES_H
| # include <sys/types.h>
| #endif
| #ifdef HAVE_SYS_STAT_H
| # include <sys/stat.h>
| #endif
| #ifdef HAVE_UNISTD_H
| # include <unistd.h>
| #endif
| 
| int
| main (void)
| {
| if (sizeof ((pid_t)))
| 	    return 0;
|   ;
|   return 0;
| }
configure:14388: result: yes
configure:14424: checking for uint8_t
configure:14424: gcc -c -g -O2  conftest.c >&5
configure:14424: $? = 0
configure:14424: result: yes
configure:14436: checking for uint16_t
configure:14436: gcc -c -g -O2  conftest.c >&5
configure:14436: $? = 0
configure:14436: result: yes
configure:14446: checking for uint32_t
configure:14446: gcc -c -g -O2  conftest.c >&5
configure:14446: $? = 0
configure:14446: result: yes
configure:14458: checking for int32_t
configure:14458: gcc -c -g -O2  conftest.c >&5
configure:14458: $? = 0
configure:14458: gcc -c -g -O2  conftest.c >&5
conftest.c: In function 'main':
conftest.c:110:67: warning: integer overflow in expression of type 'int' results in '-2147483648' [-Woverflow]
  110 |                  < (int32_t) (((((int32_t) 1 << N) << N) - 1) * 2 + 2))];
      |                                                                   ^
conftest.c:109:12: error: storage size of 'test_array' isn't constant
  109 | static int test_array [1 - 2 * !((int32_t) (((((int32_t) 1 << N) << N) - 1) * 2 + 1)
      |            ^~~~~~~~~~
configure:14458: $? = 1
configure: failed program was:
| /* confdefs.h */
| #define PACKAGE_NAME "file"
| #define PACKAGE_TARNAME "file"
| #define PACKAGE_VERSION "5.41"
| #define PACKAGE_STRING "file 5.41"
| #define PACKAGE_BUGREPORT "christos@astron.com"
| #define PACKAGE_URL ""
| #define PACKAGE "file"
| #define VERSION "5.41"
| #define BUILTIN_ELF 1
| #define ELFCORE 1
| #define HAVE_STDIO_H 1
| #define HAVE_STDLIB_H 1
| #define HAVE_STRING_H 1
| #define HAVE_INTTYPES_H 1
| #define HAVE_STDINT_H 1
| #define HAVE_STRINGS_H 1
| #define HAVE_SYS_STAT_H 1
| #define HAVE_SYS_TYPES_H 1
| #define HAVE_UNISTD_H 1
| #define HAVE_WCHAR_H 1
| #define HAVE_SYS_PARAM_H 1
| #define STDC_HEADERS 1
| #define _ALL_SOURCE 1
| #define _DARWIN_C_SOURCE 1
| #define _GNU_SOURCE 1
| #define _HPUX_ALT_XOPEN_SOCKET_API 1
| #define _NETBSD_SOURCE 1
| #define _OPENBSD_SOURCE 1
| #define _POSIX_PTHREAD_SEMANTICS 1
| #define __STDC_WANT_IEC_60559_ATTRIBS_EXT__ 1
| #define __STDC_WANT_IEC_60559_BFP_EXT__ 1
| #define __STDC_WANT_IEC_60559_DFP_EXT__ 1
| #define __STDC_WANT_IEC_60559_FUNCS_EXT__ 1
| #define __STDC_WANT_IEC_60559_TYPES_EXT__ 1
| #define __STDC_WANT_LIB_EXT2__ 1
| #define __STDC_WANT_MATH_SPEC_FUNCS__ 1
| #define _TANDEM_SOURCE 1
| #define __EXTENSIONS__ 1
| #define HAVE_DLFCN_H 1
| #define LT_OBJDIR ".libs/"
| #define HAVE_VISIBILITY 1
| #define MAJOR_IN_SYSMACROS 1
| #define HAVE_SYS_WAIT_H 1
| #define HAVE_STDINT_H 1
| #define HAVE_FCNTL_H 1
| #define HAVE_INTTYPES_H 1
| #define HAVE_UNISTD_H 1
| #define HAVE_UTIME_H 1
| #define HAVE_WCHAR_H 1
| #define HAVE_WCTYPE_H 1
| #define HAVE_GETOPT_H 1
| #define HAVE_ERR_H 1
| #define HAVE_SYS_MMAN_H 1
| #define HAVE_SYS_STAT_H 1
| #define HAVE_SYS_TYPES_H 1
| #define HAVE_SYS_TIME_H 1
| #define HAVE_SYS_SYSMACROS_H 1
| #define HAVE_ZLIB_H 1
| #define HAVE_BZLIB_H 1
| #define HAVE_LZMA_H 1
| #define HAVE_SIG_T 1
| #define HAVE_STRUCT_STAT_ST_RDEV 1
| #define HAVE_STRUCT_TM_TM_GMTOFF 1
| #define HAVE_STRUCT_TM_TM_ZONE 1
| #define HAVE_TM_ZONE 1
| #define HAVE_TM_ZONE 1
| #define HAVE_DECL_TZNAME 1
| #define HAVE_TZNAME 1
| #define HAVE_TM_ISDST 1
| #define HAVE_DECL_DAYLIGHT 1
| #define HAVE_DAYLIGHT 1
| #define HAVE_FSEEKO 1
| #define HAVE_MBSTATE_T 1
| #define HAVE_STRUCT_OPTION 1
| /* end confdefs.h.  */
| #include <stddef.h>
| #ifdef HAVE_STDIO_H
| # include <stdio.h>
| #endif
| #ifdef HAVE_STDLIB_H
| # include <stdlib.h>
| #endif
| #ifdef HAVE_STRING_H
| # include <string.h>
| #endif
| #ifdef HAVE_INTTYPES_H
| # include <inttypes.h>
| #endif
| #ifdef HAVE_STDINT_H
| # include <stdint.h>
| #endif
| #ifdef HAVE_STRINGS_H
| # include <strings.h>
| #endif
| #ifdef HAVE_SYS_TYPES_H
| # include <sys/types.h>
| #endif
| #ifdef HAVE_SYS_STAT_H
| # include <sys/stat.h>
| #endif
| #ifdef HAVE_UNISTD_H
| # include <unistd.h>
| #endif
| 	        enum { N = 32 / 2 - 1 };
| int
| main (void)
| {
| static int test_array [1 - 2 * !((int32_t) (((((int32_t) 1 << N) << N) - 1) * 2 + 1)
| 		 < (int32_t) (((((int32_t) 1 << N) << N) - 1) * 2 + 2))];
| test_array [0] = 0;
| return test_array [0];
| 
|   ;
|   return 0;
| }
configure:14458: result: yes
configure:14467: checking for uint64_t
configure:14467: gcc -c -g -O2  conftest.c >&5
configure:14467: $? = 0
configure:14467: result: yes
configure:14479: checking for int64_t
configure:14479: gcc -c -g -O2  conftest.c >&5
configure:14479: $? = 0
configure:14479: gcc -c -g -O2  conftest.c >&5
conftest.c: In function 'main':
conftest.c:110:67: warning: integer overflow in expression of type 'long int' results in '-9223372036854775808' [-Woverflow]
  110 |                  < (int64_t) (((((int64_t) 1 << N) << N) - 1) * 2 + 2))];
      |                                                                   ^
conftest.c:109:12: error: storage size of 'test_array' isn't constant
  109 | static int test_array [1 - 2 * !((int64_t) (((((int64_t) 1 << N) << N) - 1) * 2 + 1)
      |            ^~~~~~~~~~
configure:14479: $? = 1
configure: failed program was:
| /* confdefs.h */
| #define PACKAGE_NAME "file"
| #define PACKAGE_TARNAME "file"
| #define PACKAGE_VERSION "5.41"
| #define PACKAGE_STRING "file 5.41"
| #define PACKAGE_BUGREPORT "christos@astron.com"
| #define PACKAGE_URL ""
| #define PACKAGE "file"
| #define VERSION "5.41"
| #define BUILTIN_ELF 1
| #define ELFCORE 1
| #define HAVE_STDIO_H 1
| #define HAVE_STDLIB_H 1
| #define HAVE_STRING_H 1
| #define HAVE_INTTYPES_H 1
| #define HAVE_STDINT_H 1
| #define HAVE_STRINGS_H 1
| #define HAVE_SYS_STAT_H 1
| #define HAVE_SYS_TYPES_H 1
| #define HAVE_UNISTD_H 1
| #define HAVE_WCHAR_H 1
| #define HAVE_SYS_PARAM_H 1
| #define STDC_HEADERS 1
| #define _ALL_SOURCE 1
| #define _DARWIN_C_SOURCE 1
| #define _GNU_SOURCE 1
| #define _HPUX_ALT_XOPEN_SOCKET_API 1
| #define _NETBSD_SOURCE 1
| #define _OPENBSD_SOURCE 1
| #define _POSIX_PTHREAD_SEMANTICS 1
| #define __STDC_WANT_IEC_60559_ATTRIBS_EXT__ 1
| #define __STDC_WANT_IEC_60559_BFP_EXT__ 1
| #define __STDC_WANT_IEC_60559_DFP_EXT__ 1
| #define __STDC_WANT_IEC_60559_FUNCS_EXT__ 1
| #define __STDC_WANT_IEC_60559_TYPES_EXT__ 1
| #define __STDC_WANT_LIB_EXT2__ 1
| #define __STDC_WANT_MATH_SPEC_FUNCS__ 1
| #define _TANDEM_SOURCE 1
| #define __EXTENSIONS__ 1
| #define HAVE_DLFCN_H 1
| #define LT_OBJDIR ".libs/"
| #define HAVE_VISIBILITY 1
| #define MAJOR_IN_SYSMACROS 1
| #define HAVE_SYS_WAIT_H 1
| #define HAVE_STDINT_H 1
| #define HAVE_FCNTL_H 1
| #define HAVE_INTTYPES_H 1
| #define HAVE_UNISTD_H 1
| #define HAVE_UTIME_H 1
| #define HAVE_WCHAR_H 1
| #define HAVE_WCTYPE_H 1
| #define HAVE_GETOPT_H 1
| #define HAVE_ERR_H 1
| #define HAVE_SYS_MMAN_H 1
| #define HAVE_SYS_STAT_H 1
| #define HAVE_SYS_TYPES_H 1
| #define HAVE_SYS_TIME_H 1
| #define HAVE_SYS_SYSMACROS_H 1
| #define HAVE_ZLIB_H 1
| #define HAVE_BZLIB_H 1
| #define HAVE_LZMA_H 1
| #define HAVE_SIG_T 1
| #define HAVE_STRUCT_STAT_ST_RDEV 1
| #define HAVE_STRUCT_TM_TM_GMTOFF 1
| #define HAVE_STRUCT_TM_TM_ZONE 1
| #define HAVE_TM_ZONE 1
| #define HAVE_TM_ZONE 1
| #define HAVE_DECL_TZNAME 1
| #define HAVE_TZNAME 1
| #define HAVE_TM_ISDST 1
| #define HAVE_DECL_DAYLIGHT 1
| #define HAVE_DAYLIGHT 1
| #define HAVE_FSEEKO 1
| #define HAVE_MBSTATE_T 1
| #define HAVE_STRUCT_OPTION 1
| /* end confdefs.h.  */
| #include <stddef.h>
| #ifdef HAVE_STDIO_H
| # include <stdio.h>
| #endif
| #ifdef HAVE_STDLIB_H
| # include <stdlib.h>
| #endif
| #ifdef HAVE_STRING_H
| # include <string.h>
| #endif
| #ifdef HAVE_INTTYPES_H
| # include <inttypes.h>
| #endif
| #ifdef HAVE_STDINT_H
| # include <stdint.h>
| #endif
| #ifdef HAVE_STRINGS_H
| # include <strings.h>
| #endif
| #ifdef HAVE_SYS_TYPES_H
| # include <sys/types.h>
| #endif
| #ifdef HAVE_SYS_STAT_H
| # include <sys/stat.h>
| #endif
| #ifdef HAVE_UNISTD_H
| # include <unistd.h>
| #endif
| 	        enum { N = 64 / 2 - 1 };
| int
| main (void)
| {
| static int test_array [1 - 2 * !((int64_t) (((((int64_t) 1 << N) << N) - 1) * 2 + 1)
| 		 < (int64_t) (((((int64_t) 1 << N) << N) - 1) * 2 + 2))];
| test_array [0] = 0;
| return test_array [0];
| 
|   ;
|   return 0;
| }
configure:14479: result: yes
configure:14489: checking for intptr_t
configure:14489: gcc -c -g -O2  conftest.c >&5
configure:14489: $? = 0
configure:14489: gcc -c -g -O2  conftest.c >&5
conftest.c: In function 'main':
conftest.c:108:23: error: expected expression before ')' token
  108 | if (sizeof ((intptr_t)))
      |                       ^
configure:14489: $? = 1
configure: failed program was:
| /* confdefs.h */
| #define PACKAGE_NAME "file"
| #define PACKAGE_TARNAME "file"
| #define PACKAGE_VERSION "5.41"
| #define PACKAGE_STRING "file 5.41"
| #define PACKAGE_BUGREPORT "christos@astron.com"
| #define PACKAGE_URL ""
| #define PACKAGE "file"
| #define VERSION "5.41"
| #define BUILTIN_ELF 1
| #define ELFCORE 1
| #define HAVE_STDIO_H 1
| #define HAVE_STDLIB_H 1
| #define HAVE_STRING_H 1
| #define HAVE_INTTYPES_H 1
| #define HAVE_STDINT_H 1
| #define HAVE_STRINGS_H 1
| #define HAVE_SYS_STAT_H 1
| #define HAVE_SYS_TYPES_H 1
| #define HAVE_UNISTD_H 1
| #define HAVE_WCHAR_H 1
| #define HAVE_SYS_PARAM_H 1
| #define STDC_HEADERS 1
| #define _ALL_SOURCE 1
| #define _DARWIN_C_SOURCE 1
| #define _GNU_SOURCE 1
| #define _HPUX_ALT_XOPEN_SOCKET_API 1
| #define _NETBSD_SOURCE 1
| #define _OPENBSD_SOURCE 1
| #define _POSIX_PTHREAD_SEMANTICS 1
| #define __STDC_WANT_IEC_60559_ATTRIBS_EXT__ 1
| #define __STDC_WANT_IEC_60559_BFP_EXT__ 1
| #define __STDC_WANT_IEC_60559_DFP_EXT__ 1
| #define __STDC_WANT_IEC_60559_FUNCS_EXT__ 1
| #define __STDC_WANT_IEC_60559_TYPES_EXT__ 1
| #define __STDC_WANT_LIB_EXT2__ 1
| #define __STDC_WANT_MATH_SPEC_FUNCS__ 1
| #define _TANDEM_SOURCE 1
| #define __EXTENSIONS__ 1
| #define HAVE_DLFCN_H 1
| #define LT_OBJDIR ".libs/"
| #define HAVE_VISIBILITY 1
| #define MAJOR_IN_SYSMACROS 1
| #define HAVE_SYS_WAIT_H 1
| #define HAVE_STDINT_H 1
| #define HAVE_FCNTL_H 1
| #define HAVE_INTTYPES_H 1
| #define HAVE_UNISTD_H 1
| #define HAVE_UTIME_H 1
| #define HAVE_WCHAR_H 1
| #define HAVE_WCTYPE_H 1
| #define HAVE_GETOPT_H 1
| #define HAVE_ERR_H 1
| #define HAVE_SYS_MMAN_H 1
| #define HAVE_SYS_STAT_H 1
| #define HAVE_SYS_TYPES_H 1
| #define HAVE_SYS_TIME_H 1
| #define HAVE_SYS_SYSMACROS_H 1
| #define HAVE_ZLIB_H 1
| #define HAVE_BZLIB_H 1
| #define HAVE_LZMA_H 1
| #define HAVE_SIG_T 1
| #define HAVE_STRUCT_STAT_ST_RDEV 1
| #define HAVE_STRUCT_TM_TM_GMTOFF 1
| #define HAVE_STRUCT_TM_TM_ZONE 1
| #define HAVE_TM_ZONE 1
| #define HAVE_TM_ZONE 1
| #define HAVE_DECL_TZNAME 1
| #define HAVE_TZNAME 1
| #define HAVE_TM_ISDST 1
| #define HAVE_DECL_DAYLIGHT 1
| #define HAVE_DAYLIGHT 1
| #define HAVE_FSEEKO 1
| #define HAVE_MBSTATE_T 1
| #define HAVE_STRUCT_OPTION 1
| /* end confdefs.h.  */
| #include <stddef.h>
| #ifdef HAVE_STDIO_H
| # include <stdio.h>
| #endif
| #ifdef HAVE_STDLIB_H
| # include <stdlib.h>
| #endif
| #ifdef HAVE_STRING_H
| # include <string.h>
| #endif
| #ifdef HAVE_INTTYPES_H
| # include <inttypes.h>
| #endif
| #ifdef HAVE_STDINT_H
| # include <stdint.h>
| #endif
| #ifdef HAVE_STRINGS_H
| # include <strings.h>
| #endif
| #ifdef HAVE_SYS_TYPES_H
| # include <sys/types.h>
| #endif
| #ifdef HAVE_SYS_STAT_H
| # include <sys/stat.h>
| #endif
| #ifdef HAVE_UNISTD_H
| # include <unistd.h>
| #endif
| int
| main (void)
| {
| if (sizeof ((intptr_t)))
| 	    return 0;
|   ;
|   return 0;
| }
configure:14489: result: yes
configure:14525: checking for uintptr_t
configure:14525: gcc -c -g -O2  conftest.c >&5
configure:14525: $? = 0
configure:14525: gcc -c -g -O2  conftest.c >&5
conftest.c: In function 'main':
conftest.c:109:24: error: expected expression before ')' token
  109 | if (sizeof ((uintptr_t)))
      |                        ^
configure:14525: $? = 1
configure: failed program was:
| /* confdefs.h */
| #define PACKAGE_NAME "file"
| #define PACKAGE_TARNAME "file"
| #define PACKAGE_VERSION "5.41"
| #define PACKAGE_STRING "file 5.41"
| #define PACKAGE_BUGREPORT "christos@astron.com"
| #define PACKAGE_URL ""
| #define PACKAGE "file"
| #define VERSION "5.41"
| #define BUILTIN_ELF 1
| #define ELFCORE 1
| #define HAVE_STDIO_H 1
| #define HAVE_STDLIB_H 1
| #define HAVE_STRING_H 1
| #define HAVE_INTTYPES_H 1
| #define HAVE_STDINT_H 1
| #define HAVE_STRINGS_H 1
| #define HAVE_SYS_STAT_H 1
| #define HAVE_SYS_TYPES_H 1
| #define HAVE_UNISTD_H 1
| #define HAVE_WCHAR_H 1
| #define HAVE_SYS_PARAM_H 1
| #define STDC_HEADERS 1
| #define _ALL_SOURCE 1
| #define _DARWIN_C_SOURCE 1
| #define _GNU_SOURCE 1
| #define _HPUX_ALT_XOPEN_SOCKET_API 1
| #define _NETBSD_SOURCE 1
| #define _OPENBSD_SOURCE 1
| #define _POSIX_PTHREAD_SEMANTICS 1
| #define __STDC_WANT_IEC_60559_ATTRIBS_EXT__ 1
| #define __STDC_WANT_IEC_60559_BFP_EXT__ 1
| #define __STDC_WANT_IEC_60559_DFP_EXT__ 1
| #define __STDC_WANT_IEC_60559_FUNCS_EXT__ 1
| #define __STDC_WANT_IEC_60559_TYPES_EXT__ 1
| #define __STDC_WANT_LIB_EXT2__ 1
| #define __STDC_WANT_MATH_SPEC_FUNCS__ 1
| #define _TANDEM_SOURCE 1
| #define __EXTENSIONS__ 1
| #define HAVE_DLFCN_H 1
| #define LT_OBJDIR ".libs/"
| #define HAVE_VISIBILITY 1
| #define MAJOR_IN_SYSMACROS 1
| #define HAVE_SYS_WAIT_H 1
| #define HAVE_STDINT_H 1
| #define HAVE_FCNTL_H 1
| #define HAVE_INTTYPES_H 1
| #define HAVE_UNISTD_H 1
| #define HAVE_UTIME_H 1
| #define HAVE_WCHAR_H 1
| #define HAVE_WCTYPE_H 1
| #define HAVE_GETOPT_H 1
| #define HAVE_ERR_H 1
| #define HAVE_SYS_MMAN_H 1
| #define HAVE_SYS_STAT_H 1
| #define HAVE_SYS_TYPES_H 1
| #define HAVE_SYS_TIME_H 1
| #define HAVE_SYS_SYSMACROS_H 1
| #define HAVE_ZLIB_H 1
| #define HAVE_BZLIB_H 1
| #define HAVE_LZMA_H 1
| #define HAVE_SIG_T 1
| #define HAVE_STRUCT_STAT_ST_RDEV 1
| #define HAVE_STRUCT_TM_TM_GMTOFF 1
| #define HAVE_STRUCT_TM_TM_ZONE 1
| #define HAVE_TM_ZONE 1
| #define HAVE_TM_ZONE 1
| #define HAVE_DECL_TZNAME 1
| #define HAVE_TZNAME 1
| #define HAVE_TM_ISDST 1
| #define HAVE_DECL_DAYLIGHT 1
| #define HAVE_DAYLIGHT 1
| #define HAVE_FSEEKO 1
| #define HAVE_MBSTATE_T 1
| #define HAVE_STRUCT_OPTION 1
| #define HAVE_INTPTR_T 1
| /* end confdefs.h.  */
| #include <stddef.h>
| #ifdef HAVE_STDIO_H
| # include <stdio.h>
| #endif
| #ifdef HAVE_STDLIB_H
| # include <stdlib.h>
| #endif
| #ifdef HAVE_STRING_H
| # include <string.h>
| #endif
| #ifdef HAVE_INTTYPES_H
| # include <inttypes.h>
| #endif
| #ifdef HAVE_STDINT_H
| # include <stdint.h>
| #endif
| #ifdef HAVE_STRINGS_H
| # include <strings.h>
| #endif
| #ifdef HAVE_SYS_TYPES_H
| # include <sys/types.h>
| #endif
| #ifdef HAVE_SYS_STAT_H
| # include <sys/stat.h>
| #endif
| #ifdef HAVE_UNISTD_H
| # include <unistd.h>
| #endif
| int
| main (void)
| {
| if (sizeof ((uintptr_t)))
| 	    return 0;
|   ;
|   return 0;
| }
configure:14525: result: yes
configure:14566: checking for getpagesize
configure:14566: gcc -o conftest -g -O2   conftest.c  >&5
configure:14566: $? = 0
configure:14566: result: yes
configure:14566: checking for fork
configure:14566: gcc -o conftest -g -O2   conftest.c  >&5
conftest.c:96:6: warning: conflicting types for built-in function 'fork'; expected 'int(void)' [-Wbuiltin-declaration-mismatch]
   96 | char fork ();
      |      ^~~~
configure:14566: $? = 0
configure:14566: result: yes
configure:14566: checking for vfork
configure:14566: gcc -o conftest -g -O2   conftest.c  >&5
configure:14566: $? = 0
configure:14566: result: yes
configure:14577: checking for working mmap
configure:14729: gcc -o conftest -g -O2   conftest.c  >&5
configure:14729: $? = 0
configure:14729: ./conftest
configure:14729: $? = 0
configure:14740: result: yes
configure:14755: checking for working fork
configure:14779: gcc -o conftest -g -O2   conftest.c  >&5
configure:14779: $? = 0
configure:14779: ./conftest
configure:14779: $? = 0
configure:14790: result: yes
configure:14811: checking for working vfork
configure:14940: result: yes
configure:14966: checking whether mbrtowc and mbstate_t are properly declared
configure:14987: gcc -o conftest -g -O2   conftest.c  >&5
configure:14987: $? = 0
configure:14996: result: yes
configure:15005: checking for gcc compiler warnings
configure:15025: result: yes
configure:15039: checking for strndup
configure:15039: gcc -o conftest -g -O2   conftest.c  >&5
conftest.c:102:6: warning: conflicting types for built-in function 'strndup'; expected 'char *(const char *, long unsigned int)' [-Wbuiltin-declaration-mismatch]
  102 | char strndup ();
      |      ^~~~~~~
configure:15039: $? = 0
configure:15039: result: yes
configure:15045: checking for mkstemp
configure:15045: gcc -o conftest -g -O2   conftest.c  >&5
configure:15045: $? = 0
configure:15045: result: yes
configure:15051: checking for mkostemp
configure:15051: gcc -o conftest -g -O2   conftest.c  >&5
configure:15051: $? = 0
configure:15051: result: yes
configure:15057: checking for utimes
configure:15057: gcc -o conftest -g -O2   conftest.c  >&5
configure:15057: $? = 0
configure:15057: result: yes
configure:15063: checking for utime
configure:15063: gcc -o conftest -g -O2   conftest.c  >&5
configure:15063: $? = 0
configure:15063: result: yes
configure:15069: checking for wcwidth
configure:15069: gcc -o conftest -g -O2   conftest.c  >&5
configure:15069: $? = 0
configure:15069: result: yes
configure:15075: checking for strtof
configure:15075: gcc -o conftest -g -O2   conftest.c  >&5
configure:15075: $? = 0
configure:15075: result: yes
configure:15081: checking for newlocale
configure:15081: gcc -o conftest -g -O2   conftest.c  >&5
configure:15081: $? = 0
configure:15081: result: yes
configure:15087: checking for uselocale
configure:15087: gcc -o conftest -g -O2   conftest.c  >&5
configure:15087: $? = 0
configure:15087: result: yes
configure:15093: checking for freelocale
configure:15093: gcc -o conftest -g -O2   conftest.c  >&5
configure:15093: $? = 0
configure:15093: result: yes
configure:15099: checking for memmem
configure:15099: gcc -o conftest -g -O2   conftest.c  >&5
configure:15099: $? = 0
configure:15099: result: yes
configure:15105: checking for pipe2
configure:15105: gcc -o conftest -g -O2   conftest.c  >&5
configure:15105: $? = 0
configure:15105: result: yes
configure:15113: checking for getopt_long
configure:15113: gcc -o conftest -g -O2   conftest.c  >&5
configure:15113: $? = 0
configure:15113: result: yes
configure:15126: checking for asprintf
configure:15126: gcc -o conftest -g -O2   conftest.c  >&5
configure:15126: $? = 0
configure:15126: result: yes
configure:15139: checking for vasprintf
configure:15139: gcc -o conftest -g -O2   conftest.c  >&5
configure:15139: $? = 0
configure:15139: result: yes
configure:15152: checking for strlcpy
configure:15152: gcc -o conftest -g -O2   conftest.c  >&5
/usr/bin/ld: /home/parse/tmp/ccPantEi.o: in function `main':
/home/parse/src/simple_demo_for_lisa/libmagic/file-5.41/conftest.c:128: undefined reference to `strlcpy'
collect2: error: ld returned 1 exit status
configure:15152: $? = 1
configure: failed program was:
| /* confdefs.h */
| #define PACKAGE_NAME "file"
| #define PACKAGE_TARNAME "file"
| #define PACKAGE_VERSION "5.41"
| #define PACKAGE_STRING "file 5.41"
| #define PACKAGE_BUGREPORT "christos@astron.com"
| #define PACKAGE_URL ""
| #define PACKAGE "file"
| #define VERSION "5.41"
| #define BUILTIN_ELF 1
| #define ELFCORE 1
| #define HAVE_STDIO_H 1
| #define HAVE_STDLIB_H 1
| #define HAVE_STRING_H 1
| #define HAVE_INTTYPES_H 1
| #define HAVE_STDINT_H 1
| #define HAVE_STRINGS_H 1
| #define HAVE_SYS_STAT_H 1
| #define HAVE_SYS_TYPES_H 1
| #define HAVE_UNISTD_H 1
| #define HAVE_WCHAR_H 1
| #define HAVE_SYS_PARAM_H 1
| #define STDC_HEADERS 1
| #define _ALL_SOURCE 1
| #define _DARWIN_C_SOURCE 1
| #define _GNU_SOURCE 1
| #define _HPUX_ALT_XOPEN_SOCKET_API 1
| #define _NETBSD_SOURCE 1
| #define _OPENBSD_SOURCE 1
| #define _POSIX_PTHREAD_SEMANTICS 1
| #define __STDC_WANT_IEC_60559_ATTRIBS_EXT__ 1
| #define __STDC_WANT_IEC_60559_BFP_EXT__ 1
| #define __STDC_WANT_IEC_60559_DFP_EXT__ 1
| #define __STDC_WANT_IEC_60559_FUNCS_EXT__ 1
| #define __STDC_WANT_IEC_60559_TYPES_EXT__ 1
| #define __STDC_WANT_LIB_EXT2__ 1
| #define __STDC_WANT_MATH_SPEC_FUNCS__ 1
| #define _TANDEM_SOURCE 1
| #define __EXTENSIONS__ 1
| #define HAVE_DLFCN_H 1
| #define LT_OBJDIR ".libs/"
| #define HAVE_VISIBILITY 1
| #define MAJOR_IN_SYSMACROS 1
| #define HAVE_SYS_WAIT_H 1
| #define HAVE_STDINT_H 1
| #define HAVE_FCNTL_H 1
| #define HAVE_INTTYPES_H 1
| #define HAVE_UNISTD_H 1
| #define HAVE_UTIME_H 1
| #define HAVE_WCHAR_H 1
| #define HAVE_WCTYPE_H 1
| #define HAVE_GETOPT_H 1
| #define HAVE_ERR_H 1
| #define HAVE_SYS_MMAN_H 1
| #define HAVE_SYS_STAT_H 1
| #define HAVE_SYS_TYPES_H 1
| #define HAVE_SYS_TIME_H 1
| #define HAVE_SYS_SYSMACROS_H 1
| #define HAVE_ZLIB_H 1
| #define HAVE_BZLIB_H 1
| #define HAVE_LZMA_H 1
| #define HAVE_SIG_T 1
| #define HAVE_STRUCT_STAT_ST_RDEV 1
| #define HAVE_STRUCT_TM_TM_GMTOFF 1
| #define HAVE_STRUCT_TM_TM_ZONE 1
| #define HAVE_TM_ZONE 1
| #define HAVE_TM_ZONE 1
| #define HAVE_DECL_TZNAME 1
| #define HAVE_TZNAME 1
| #define HAVE_TM_ISDST 1
| #define HAVE_DECL_DAYLIGHT 1
| #define HAVE_DAYLIGHT 1
| #define HAVE_FSEEKO 1
| #define HAVE_MBSTATE_T 1
| #define HAVE_STRUCT_OPTION 1
| #define HAVE_INTPTR_T 1
| #define HAVE_UINTPTR_T 1
| #define HAVE_GETPAGESIZE 1
| #define HAVE_FORK 1
| #define HAVE_VFORK 1
| #define HAVE_MMAP 1
| #define HAVE_WORKING_VFORK 1
| #define HAVE_WORKING_FORK 1
| #define HAVE_MBRTOWC 1
| #define HAVE_STRNDUP 1
| #define HAVE_MKSTEMP 1
| #define HAVE_MKOSTEMP 1
| #define HAVE_UTIMES 1
| #define HAVE_UTIME 1
| #define HAVE_WCWIDTH 1
| #define HAVE_STRTOF 1
| #define HAVE_NEWLOCALE 1
| #define HAVE_USELOCALE 1
| #define HAVE_FREELOCALE 1
| #define HAVE_MEMMEM 1
| #define HAVE_PIPE2 1
| #define HAVE_GETOPT_LONG 1
| #define HAVE_ASPRINTF 1
| #define HAVE_VASPRINTF 1
| /* end confdefs.h.  */
| /* Define strlcpy to an innocuous variant, in case <limits.h> declares strlcpy.
|    For example, HP-UX 11i <limits.h> declares gettimeofday.  */
| #define strlcpy innocuous_strlcpy
| 
| /* System header to define __stub macros and hopefully few prototypes,
|    which can conflict with char strlcpy (); below.  */
| 
| #include <limits.h>
| #undef strlcpy
| 
| /* Override any GCC internal prototype to avoid an error.
|    Use char because int might match the return type of a GCC
|    builtin and then its argument prototype would still apply.  */
| #ifdef __cplusplus
| extern "C"
| #endif
| char strlcpy ();
| /* The GNU C library defines this for functions which it implements
|     to always fail with ENOSYS.  Some functions are actually named
|     something starting with __ and the normal name is an alias.  */
| #if defined __stub_strlcpy || defined __stub___strlcpy
| choke me
| #endif
| 
| int
| main (void)
| {
| return strlcpy ();
|   ;
|   return 0;
| }
configure:15152: result: no
configure:15165: checking for strlcat
configure:15165: gcc -o conftest -g -O2   conftest.c  >&5
/usr/bin/ld: /home/parse/tmp/ccP99f4q.o: in function `main':
/home/parse/src/simple_demo_for_lisa/libmagic/file-5.41/conftest.c:128: undefined reference to `strlcat'
collect2: error: ld returned 1 exit status
configure:15165: $? = 1
configure: failed program was:
| /* confdefs.h */
| #define PACKAGE_NAME "file"
| #define PACKAGE_TARNAME "file"
| #define PACKAGE_VERSION "5.41"
| #define PACKAGE_STRING "file 5.41"
| #define PACKAGE_BUGREPORT "christos@astron.com"
| #define PACKAGE_URL ""
| #define PACKAGE "file"
| #define VERSION "5.41"
| #define BUILTIN_ELF 1
| #define ELFCORE 1
| #define HAVE_STDIO_H 1
| #define HAVE_STDLIB_H 1
| #define HAVE_STRING_H 1
| #define HAVE_INTTYPES_H 1
| #define HAVE_STDINT_H 1
| #define HAVE_STRINGS_H 1
| #define HAVE_SYS_STAT_H 1
| #define HAVE_SYS_TYPES_H 1
| #define HAVE_UNISTD_H 1
| #define HAVE_WCHAR_H 1
| #define HAVE_SYS_PARAM_H 1
| #define STDC_HEADERS 1
| #define _ALL_SOURCE 1
| #define _DARWIN_C_SOURCE 1
| #define _GNU_SOURCE 1
| #define _HPUX_ALT_XOPEN_SOCKET_API 1
| #define _NETBSD_SOURCE 1
| #define _OPENBSD_SOURCE 1
| #define _POSIX_PTHREAD_SEMANTICS 1
| #define __STDC_WANT_IEC_60559_ATTRIBS_EXT__ 1
| #define __STDC_WANT_IEC_60559_BFP_EXT__ 1
| #define __STDC_WANT_IEC_60559_DFP_EXT__ 1
| #define __STDC_WANT_IEC_60559_FUNCS_EXT__ 1
| #define __STDC_WANT_IEC_60559_TYPES_EXT__ 1
| #define __STDC_WANT_LIB_EXT2__ 1
| #define __STDC_WANT_MATH_SPEC_FUNCS__ 1
| #define _TANDEM_SOURCE 1
| #define __EXTENSIONS__ 1
| #define HAVE_DLFCN_H 1
| #define LT_OBJDIR ".libs/"
| #define HAVE_VISIBILITY 1
| #define MAJOR_IN_SYSMACROS 1
| #define HAVE_SYS_WAIT_H 1
| #define HAVE_STDINT_H 1
| #define HAVE_FCNTL_H 1
| #define HAVE_INTTYPES_H 1
| #define HAVE_UNISTD_H 1
| #define HAVE_UTIME_H 1
| #define HAVE_WCHAR_H 1
| #define HAVE_WCTYPE_H 1
| #define HAVE_GETOPT_H 1
| #define HAVE_ERR_H 1
| #define HAVE_SYS_MMAN_H 1
| #define HAVE_SYS_STAT_H 1
| #define HAVE_SYS_TYPES_H 1
| #define HAVE_SYS_TIME_H 1
| #define HAVE_SYS_SYSMACROS_H 1
| #define HAVE_ZLIB_H 1
| #define HAVE_BZLIB_H 1
| #define HAVE_LZMA_H 1
| #define HAVE_SIG_T 1
| #define HAVE_STRUCT_STAT_ST_RDEV 1
| #define HAVE_STRUCT_TM_TM_GMTOFF 1
| #define HAVE_STRUCT_TM_TM_ZONE 1
| #define HAVE_TM_ZONE 1
| #define HAVE_TM_ZONE 1
| #define HAVE_DECL_TZNAME 1
| #define HAVE_TZNAME 1
| #define HAVE_TM_ISDST 1
| #define HAVE_DECL_DAYLIGHT 1
| #define HAVE_DAYLIGHT 1
| #define HAVE_FSEEKO 1
| #define HAVE_MBSTATE_T 1
| #define HAVE_STRUCT_OPTION 1
| #define HAVE_INTPTR_T 1
| #define HAVE_UINTPTR_T 1
| #define HAVE_GETPAGESIZE 1
| #define HAVE_FORK 1
| #define HAVE_VFORK 1
| #define HAVE_MMAP 1
| #define HAVE_WORKING_VFORK 1
| #define HAVE_WORKING_FORK 1
| #define HAVE_MBRTOWC 1
| #define HAVE_STRNDUP 1
| #define HAVE_MKSTEMP 1
| #define HAVE_MKOSTEMP 1
| #define HAVE_UTIMES 1
| #define HAVE_UTIME 1
| #define HAVE_WCWIDTH 1
| #define HAVE_STRTOF 1
| #define HAVE_NEWLOCALE 1
| #define HAVE_USELOCALE 1
| #define HAVE_FREELOCALE 1
| #define HAVE_MEMMEM 1
| #define HAVE_PIPE2 1
| #define HAVE_GETOPT_LONG 1
| #define HAVE_ASPRINTF 1
| #define HAVE_VASPRINTF 1
| /* end confdefs.h.  */
| /* Define strlcat to an innocuous variant, in case <limits.h> declares strlcat.
|    For example, HP-UX 11i <limits.h> declares gettimeofday.  */
| #define strlcat innocuous_strlcat
| 
| /* System header to define __stub macros and hopefully few prototypes,
|    which can conflict with char strlcat (); below.  */
| 
| #include <limits.h>
| #undef strlcat
| 
| /* Override any GCC internal prototype to avoid an error.
|    Use char because int might match the return type of a GCC
|    builtin and then its argument prototype would still apply.  */
| #ifdef __cplusplus
| extern "C"
| #endif
| char strlcat ();
| /* The GNU C library defines this for functions which it implements
|     to always fail with ENOSYS.  Some functions are actually named
|     something starting with __ and the normal name is an alias.  */
| #if defined __stub_strlcat || defined __stub___strlcat
| choke me
| #endif
| 
| int
| main (void)
| {
| return strlcat ();
|   ;
|   return 0;
| }
configure:15165: result: no
configure:15178: checking for getline
configure:15178: gcc -o conftest -g -O2   conftest.c  >&5
configure:15178: $? = 0
configure:15178: result: yes
configure:15191: checking for ctime_r
configure:15191: gcc -o conftest -g -O2   conftest.c  >&5
configure:15191: $? = 0
configure:15191: result: yes
configure:15204: checking for asctime_r
configure:15204: gcc -o conftest -g -O2   conftest.c  >&5
configure:15204: $? = 0
configure:15204: result: yes
configure:15217: checking for localtime_r
configure:15217: gcc -o conftest -g -O2   conftest.c  >&5
configure:15217: $? = 0
configure:15217: result: yes
configure:15230: checking for gmtime_r
configure:15230: gcc -o conftest -g -O2   conftest.c  >&5
configure:15230: $? = 0
configure:15230: result: yes
configure:15243: checking for pread
configure:15243: gcc -o conftest -g -O2   conftest.c  >&5
configure:15243: $? = 0
configure:15243: result: yes
configure:15256: checking for strcasestr
configure:15256: gcc -o conftest -g -O2   conftest.c  >&5
configure:15256: $? = 0
configure:15256: result: yes
configure:15269: checking for fmtcheck
configure:15269: gcc -o conftest -g -O2   conftest.c  >&5
/usr/bin/ld: /home/parse/tmp/cc1Gl6g4.o: in function `main':
/home/parse/src/simple_demo_for_lisa/libmagic/file-5.41/conftest.c:135: undefined reference to `fmtcheck'
collect2: error: ld returned 1 exit status
configure:15269: $? = 1
configure: failed program was:
| /* confdefs.h */
| #define PACKAGE_NAME "file"
| #define PACKAGE_TARNAME "file"
| #define PACKAGE_VERSION "5.41"
| #define PACKAGE_STRING "file 5.41"
| #define PACKAGE_BUGREPORT "christos@astron.com"
| #define PACKAGE_URL ""
| #define PACKAGE "file"
| #define VERSION "5.41"
| #define BUILTIN_ELF 1
| #define ELFCORE 1
| #define HAVE_STDIO_H 1
| #define HAVE_STDLIB_H 1
| #define HAVE_STRING_H 1
| #define HAVE_INTTYPES_H 1
| #define HAVE_STDINT_H 1
| #define HAVE_STRINGS_H 1
| #define HAVE_SYS_STAT_H 1
| #define HAVE_SYS_TYPES_H 1
| #define HAVE_UNISTD_H 1
| #define HAVE_WCHAR_H 1
| #define HAVE_SYS_PARAM_H 1
| #define STDC_HEADERS 1
| #define _ALL_SOURCE 1
| #define _DARWIN_C_SOURCE 1
| #define _GNU_SOURCE 1
| #define _HPUX_ALT_XOPEN_SOCKET_API 1
| #define _NETBSD_SOURCE 1
| #define _OPENBSD_SOURCE 1
| #define _POSIX_PTHREAD_SEMANTICS 1
| #define __STDC_WANT_IEC_60559_ATTRIBS_EXT__ 1
| #define __STDC_WANT_IEC_60559_BFP_EXT__ 1
| #define __STDC_WANT_IEC_60559_DFP_EXT__ 1
| #define __STDC_WANT_IEC_60559_FUNCS_EXT__ 1
| #define __STDC_WANT_IEC_60559_TYPES_EXT__ 1
| #define __STDC_WANT_LIB_EXT2__ 1
| #define __STDC_WANT_MATH_SPEC_FUNCS__ 1
| #define _TANDEM_SOURCE 1
| #define __EXTENSIONS__ 1
| #define HAVE_DLFCN_H 1
| #define LT_OBJDIR ".libs/"
| #define HAVE_VISIBILITY 1
| #define MAJOR_IN_SYSMACROS 1
| #define HAVE_SYS_WAIT_H 1
| #define HAVE_STDINT_H 1
| #define HAVE_FCNTL_H 1
| #define HAVE_INTTYPES_H 1
| #define HAVE_UNISTD_H 1
| #define HAVE_UTIME_H 1
| #define HAVE_WCHAR_H 1
| #define HAVE_WCTYPE_H 1
| #define HAVE_GETOPT_H 1
| #define HAVE_ERR_H 1
| #define HAVE_SYS_MMAN_H 1
| #define HAVE_SYS_STAT_H 1
| #define HAVE_SYS_TYPES_H 1
| #define HAVE_SYS_TIME_H 1
| #define HAVE_SYS_SYSMACROS_H 1
| #define HAVE_ZLIB_H 1
| #define HAVE_BZLIB_H 1
| #define HAVE_LZMA_H 1
| #define HAVE_SIG_T 1
| #define HAVE_STRUCT_STAT_ST_RDEV 1
| #define HAVE_STRUCT_TM_TM_GMTOFF 1
| #define HAVE_STRUCT_TM_TM_ZONE 1
| #define HAVE_TM_ZONE 1
| #define HAVE_TM_ZONE 1
| #define HAVE_DECL_TZNAME 1
| #define HAVE_TZNAME 1
| #define HAVE_TM_ISDST 1
| #define HAVE_DECL_DAYLIGHT 1
| #define HAVE_DAYLIGHT 1
| #define HAVE_FSEEKO 1
| #define HAVE_MBSTATE_T 1
| #define HAVE_STRUCT_OPTION 1
| #define HAVE_INTPTR_T 1
| #define HAVE_UINTPTR_T 1
| #define HAVE_GETPAGESIZE 1
| #define HAVE_FORK 1
| #define HAVE_VFORK 1
| #define HAVE_MMAP 1
| #define HAVE_WORKING_VFORK 1
| #define HAVE_WORKING_FORK 1
| #define HAVE_MBRTOWC 1
| #define HAVE_STRNDUP 1
| #define HAVE_MKSTEMP 1
| #define HAVE_MKOSTEMP 1
| #define HAVE_UTIMES 1
| #define HAVE_UTIME 1
| #define HAVE_WCWIDTH 1
| #define HAVE_STRTOF 1
| #define HAVE_NEWLOCALE 1
| #define HAVE_USELOCALE 1
| #define HAVE_FREELOCALE 1
| #define HAVE_MEMMEM 1
| #define HAVE_PIPE2 1
| #define HAVE_GETOPT_LONG 1
| #define HAVE_ASPRINTF 1
| #define HAVE_VASPRINTF 1
| #define HAVE_GETLINE 1
| #define HAVE_CTIME_R 1
| #define HAVE_ASCTIME_R 1
| #define HAVE_LOCALTIME_R 1
| #define HAVE_GMTIME_R 1
| #define HAVE_PREAD 1
| #define HAVE_STRCASESTR 1
| /* end confdefs.h.  */
| /* Define fmtcheck to an innocuous variant, in case <limits.h> declares fmtcheck.
|    For example, HP-UX 11i <limits.h> declares gettimeofday.  */
| #define fmtcheck innocuous_fmtcheck
| 
| /* System header to define __stub macros and hopefully few prototypes,
|    which can conflict with char fmtcheck (); below.  */
| 
| #include <limits.h>
| #undef fmtcheck
| 
| /* Override any GCC internal prototype to avoid an error.
|    Use char because int might match the return type of a GCC
|    builtin and then its argument prototype would still apply.  */
| #ifdef __cplusplus
| extern "C"
| #endif
| char fmtcheck ();
| /* The GNU C library defines this for functions which it implements
|     to always fail with ENOSYS.  Some functions are actually named
|     something starting with __ and the normal name is an alias.  */
| #if defined __stub_fmtcheck || defined __stub___fmtcheck
| choke me
| #endif
| 
| int
| main (void)
| {
| return fmtcheck ();
|   ;
|   return 0;
| }
configure:15269: result: no
configure:15282: checking for dprintf
configure:15282: gcc -o conftest -g -O2   conftest.c  >&5
configure:15282: $? = 0
configure:15282: result: yes
configure:15298: checking for gzopen in -lz
configure:15321: gcc -o conftest -g -O2   conftest.c -lz   >&5
configure:15321: $? = 0
configure:15331: result: yes
configure:15343: checking for BZ2_bzCompressInit in -lbz2
configure:15366: gcc -o conftest -g -O2   conftest.c -lbz2  -lz  >&5
configure:15366: $? = 0
configure:15376: result: yes
configure:15388: checking for lzma_stream_decoder in -llzma
configure:15411: gcc -o conftest -g -O2   conftest.c -llzma  -lbz2 -lz  >&5
configure:15411: $? = 0
configure:15421: result: yes
configure:15433: checking for seccomp_init in -lseccomp
configure:15456: gcc -o conftest -g -O2   conftest.c -lseccomp  -llzma -lbz2 -lz  >&5
/usr/bin/ld: cannot find -lseccomp: No such file or directory
collect2: error: ld returned 1 exit status
configure:15456: $? = 1
configure: failed program was:
| /* confdefs.h */
| #define PACKAGE_NAME "file"
| #define PACKAGE_TARNAME "file"
| #define PACKAGE_VERSION "5.41"
| #define PACKAGE_STRING "file 5.41"
| #define PACKAGE_BUGREPORT "christos@astron.com"
| #define PACKAGE_URL ""
| #define PACKAGE "file"
| #define VERSION "5.41"
| #define BUILTIN_ELF 1
| #define ELFCORE 1
| #define HAVE_STDIO_H 1
| #define HAVE_STDLIB_H 1
| #define HAVE_STRING_H 1
| #define HAVE_INTTYPES_H 1
| #define HAVE_STDINT_H 1
| #define HAVE_STRINGS_H 1
| #define HAVE_SYS_STAT_H 1
| #define HAVE_SYS_TYPES_H 1
| #define HAVE_UNISTD_H 1
| #define HAVE_WCHAR_H 1
| #define HAVE_SYS_PARAM_H 1
| #define STDC_HEADERS 1
| #define _ALL_SOURCE 1
| #define _DARWIN_C_SOURCE 1
| #define _GNU_SOURCE 1
| #define _HPUX_ALT_XOPEN_SOCKET_API 1
| #define _NETBSD_SOURCE 1
| #define _OPENBSD_SOURCE 1
| #define _POSIX_PTHREAD_SEMANTICS 1
| #define __STDC_WANT_IEC_60559_ATTRIBS_EXT__ 1
| #define __STDC_WANT_IEC_60559_BFP_EXT__ 1
| #define __STDC_WANT_IEC_60559_DFP_EXT__ 1
| #define __STDC_WANT_IEC_60559_FUNCS_EXT__ 1
| #define __STDC_WANT_IEC_60559_TYPES_EXT__ 1
| #define __STDC_WANT_LIB_EXT2__ 1
| #define __STDC_WANT_MATH_SPEC_FUNCS__ 1
| #define _TANDEM_SOURCE 1
| #define __EXTENSIONS__ 1
| #define HAVE_DLFCN_H 1
| #define LT_OBJDIR ".libs/"
| #define HAVE_VISIBILITY 1
| #define MAJOR_IN_SYSMACROS 1
| #define HAVE_SYS_WAIT_H 1
| #define HAVE_STDINT_H 1
| #define HAVE_FCNTL_H 1
| #define HAVE_INTTYPES_H 1
| #define HAVE_UNISTD_H 1
| #define HAVE_UTIME_H 1
| #define HAVE_WCHAR_H 1
| #define HAVE_WCTYPE_H 1
| #define HAVE_GETOPT_H 1
| #define HAVE_ERR_H 1
| #define HAVE_SYS_MMAN_H 1
| #define HAVE_SYS_STAT_H 1
| #define HAVE_SYS_TYPES_H 1
| #define HAVE_SYS_TIME_H 1
| #define HAVE_SYS_SYSMACROS_H 1
| #define HAVE_ZLIB_H 1
| #define HAVE_BZLIB_H 1
| #define HAVE_LZMA_H 1
| #define HAVE_SIG_T 1
| #define HAVE_STRUCT_STAT_ST_RDEV 1
| #define HAVE_STRUCT_TM_TM_GMTOFF 1
| #define HAVE_STRUCT_TM_TM_ZONE 1
| #define HAVE_TM_ZONE 1
| #define HAVE_TM_ZONE 1
| #define HAVE_DECL_TZNAME 1
| #define HAVE_TZNAME 1
| #define HAVE_TM_ISDST 1
| #define HAVE_DECL_DAYLIGHT 1
| #define HAVE_DAYLIGHT 1
| #define HAVE_FSEEKO 1
| #define HAVE_MBSTATE_T 1
| #define HAVE_STRUCT_OPTION 1
| #define HAVE_INTPTR_T 1
| #define HAVE_UINTPTR_T 1
| #define HAVE_GETPAGESIZE 1
| #define HAVE_FORK 1
| #define HAVE_VFORK 1
| #define HAVE_MMAP 1
| #define HAVE_WORKING_VFORK 1
| #define HAVE_WORKING_FORK 1
| #define HAVE_MBRTOWC 1
| #define HAVE_STRNDUP 1
| #define HAVE_MKSTEMP 1
| #define HAVE_MKOSTEMP 1
| #define HAVE_UTIMES 1
| #define HAVE_UTIME 1
| #define HAVE_WCWIDTH 1
| #define HAVE_STRTOF 1
| #define HAVE_NEWLOCALE 1
| #define HAVE_USELOCALE 1
| #define HAVE_FREELOCALE 1
| #define HAVE_MEMMEM 1
| #define HAVE_PIPE2 1
| #define HAVE_GETOPT_LONG 1
| #define HAVE_ASPRINTF 1
| #define HAVE_VASPRINTF 1
| #define HAVE_GETLINE 1
| #define HAVE_CTIME_R 1
| #define HAVE_ASCTIME_R 1
| #define HAVE_LOCALTIME_R 1
| #define HAVE_GMTIME_R 1
| #define HAVE_PREAD 1
| #define HAVE_STRCASESTR 1
| #define HAVE_DPRINTF 1
| #define HAVE_LIBZ 1
| #define HAVE_LIBBZ2 1
| #define HAVE_LIBLZMA 1
| /* end confdefs.h.  */
| 
| /* Override any GCC internal prototype to avoid an error.
|    Use char because int might match the return type of a GCC
|    builtin and then its argument prototype would still apply.  */
| char seccomp_init ();
| int
| main (void)
| {
| return seccomp_init ();
|   ;
|   return 0;
| }
configure:15466: result: no
configure:15668: checking that generated files are newer than configure
configure:15674: result: done
configure:15710: creating ./config.status

## ---------------------- ##
## Running config.status. ##
## ---------------------- ##

This file was extended by file config.status 5.41, which was
generated by GNU Autoconf 2.71.  Invocation command line was

  CONFIG_FILES    = 
  CONFIG_HEADERS  = 
  CONFIG_LINKS    = 
  CONFIG_COMMANDS = 
  $ ./config.status 

on copblock.app

config.status:1190: creating Makefile
config.status:1190: creating src/Makefile
config.status:1190: creating magic/Makefile
config.status:1190: creating tests/Makefile
config.status:1190: creating doc/Makefile
config.status:1190: creating python/Makefile
config.status:1190: creating libmagic.pc
config.status:1190: creating config.h
config.status:1371: config.h is unchanged
config.status:1419: executing depfiles commands
config.status:1496: cd src       && sed -e '/# am--include-marker/d' Makefile         | make -f - am--depfiles
make: Nothing to be done for 'am--depfiles'.
config.status:1501: $? = 0
config.status:1496: cd tests       && sed -e '/# am--include-marker/d' Makefile         | make -f - am--depfiles
make: Nothing to be done for 'am--depfiles'.
config.status:1501: $? = 0
config.status:1419: executing libtool commands

## ---------------- ##
## Cache variables. ##
## ---------------- ##

ac_cv_build=x86_64-pc-linux-gnu
ac_cv_c_bigendian=no
ac_cv_c_compiler_gnu=yes
ac_cv_c_int32_t=yes
ac_cv_c_int64_t=yes
ac_cv_c_uint16_t=yes
ac_cv_c_uint32_t=yes
ac_cv_c_uint64_t=yes
ac_cv_c_uint8_t=yes
ac_cv_c_undeclared_builtin_options='none needed'
ac_cv_env_CC_set=
ac_cv_env_CC_value=
ac_cv_env_CFLAGS_set=
ac_cv_env_CFLAGS_value=
ac_cv_env_CPPFLAGS_set=
ac_cv_env_CPPFLAGS_value=
ac_cv_env_LDFLAGS_set=
ac_cv_env_LDFLAGS_value=
ac_cv_env_LIBS_set=
ac_cv_env_LIBS_value=
ac_cv_env_LT_SYS_LIBRARY_PATH_set=
ac_cv_env_LT_SYS_LIBRARY_PATH_value=
ac_cv_env_build_alias_set=
ac_cv_env_build_alias_value=
ac_cv_env_host_alias_set=
ac_cv_env_host_alias_value=
ac_cv_env_target_alias_set=
ac_cv_env_target_alias_value=
ac_cv_func_asctime_r=yes
ac_cv_func_asprintf=yes
ac_cv_func_ctime_r=yes
ac_cv_func_dprintf=yes
ac_cv_func_fmtcheck=no
ac_cv_func_fork=yes
ac_cv_func_fork_works=yes
ac_cv_func_freelocale=yes
ac_cv_func_getline=yes
ac_cv_func_getopt_long=yes
ac_cv_func_getpagesize=yes
ac_cv_func_gmtime_r=yes
ac_cv_func_localtime_r=yes
ac_cv_func_mbrtowc=yes
ac_cv_func_memmem=yes
ac_cv_func_mkostemp=yes
ac_cv_func_mkstemp=yes
ac_cv_func_mmap_fixed_mapped=yes
ac_cv_func_newlocale=yes
ac_cv_func_pipe2=yes
ac_cv_func_pread=yes
ac_cv_func_strcasestr=yes
ac_cv_func_strlcat=no
ac_cv_func_strlcpy=no
ac_cv_func_strndup=yes
ac_cv_func_strtof=yes
ac_cv_func_uselocale=yes
ac_cv_func_utime=yes
ac_cv_func_utimes=yes
ac_cv_func_vasprintf=yes
ac_cv_func_vfork=yes
ac_cv_func_vfork_works=yes
ac_cv_func_wcwidth=yes
ac_cv_have_decl_daylight=yes
ac_cv_have_decl_tzname=yes
ac_cv_header_bzlib_h=yes
ac_cv_header_dlfcn_h=yes
ac_cv_header_err_h=yes
ac_cv_header_fcntl_h=yes
ac_cv_header_getopt_h=yes
ac_cv_header_inttypes_h=yes
ac_cv_header_lzma_h=yes
ac_cv_header_minix_config_h=no
ac_cv_header_stdint_h=yes
ac_cv_header_stdio_h=yes
ac_cv_header_stdlib_h=yes
ac_cv_header_string_h=yes
ac_cv_header_strings_h=yes
ac_cv_header_sys_mkdev_h=no
ac_cv_header_sys_mman_h=yes
ac_cv_header_sys_param_h=yes
ac_cv_header_sys_stat_h=yes
ac_cv_header_sys_sysmacros_h=yes
ac_cv_header_sys_time_h=yes
ac_cv_header_sys_types_h=yes
ac_cv_header_sys_utime_h=no
ac_cv_header_sys_wait_h=yes
ac_cv_header_unistd_h=yes
ac_cv_header_utime_h=yes
ac_cv_header_vfork_h=no
ac_cv_header_wchar_h=yes
ac_cv_header_wctype_h=yes
ac_cv_header_xlocale_h=no
ac_cv_header_zlib_h=yes
ac_cv_host=x86_64-pc-linux-gnu
ac_cv_lib_bz2_BZ2_bzCompressInit=yes
ac_cv_lib_lzma_lzma_stream_decoder=yes
ac_cv_lib_seccomp_seccomp_init=no
ac_cv_lib_z_gzopen=yes
ac_cv_member_struct_stat_st_rdev=yes
ac_cv_member_struct_tm_tm_gmtoff=yes
ac_cv_member_struct_tm_tm_zone=yes
ac_cv_objext=o
ac_cv_path_EGREP='/usr/bin/grep -E'
ac_cv_path_FGREP='/usr/bin/grep -F'
ac_cv_path_GREP=/usr/bin/grep
ac_cv_path_SED=/usr/bin/sed
ac_cv_path_install='/usr/bin/install -c'
ac_cv_path_lt_DD=/usr/bin/dd
ac_cv_path_mkdir=/usr/bin/mkdir
ac_cv_prog_AWK=gawk
ac_cv_prog_ac_ct_AR=ar
ac_cv_prog_ac_ct_CC=gcc
ac_cv_prog_ac_ct_MANIFEST_TOOL=mt
ac_cv_prog_ac_ct_OBJDUMP=objdump
ac_cv_prog_ac_ct_RANLIB=ranlib
ac_cv_prog_ac_ct_STRIP=strip
ac_cv_prog_cc_c11=
ac_cv_prog_cc_g=yes
ac_cv_prog_cc_stdc=
ac_cv_prog_make_make_set=yes
ac_cv_safe_to_define___extensions__=yes
ac_cv_should_define__xopen_source=no
ac_cv_struct_option_getopt_h=yes
ac_cv_struct_tm=time.h
ac_cv_struct_tm_isdst=yes
ac_cv_struct_tm_zone=yes
ac_cv_sys_file_offset_bits=no
ac_cv_sys_largefile_CC=no
ac_cv_sys_largefile_source=no
ac_cv_type_intptr_t=yes
ac_cv_type_mbstate_t=yes
ac_cv_type_off_t=yes
ac_cv_type_pid_t=yes
ac_cv_type_sig_t=yes
ac_cv_type_size_t=yes
ac_cv_type_uintptr_t=yes
ac_cv_var_daylight=yes
ac_cv_var_tzname=yes
am_cv_CC_dependencies_compiler_type=gcc3
am_cv_make_support_nested_variables=yes
am_cv_prog_cc_c_o=yes
gl_cv_cc_vis_werror=yes
gl_cv_cc_visibility=yes
lt_cv_ar_at_file=@
lt_cv_deplibs_check_method=pass_all
lt_cv_file_magic_cmd='$MAGIC_CMD'
lt_cv_file_magic_test_file=
lt_cv_ld_reload_flag=-r
lt_cv_nm_interface='BSD nm'
lt_cv_objdir=.libs
lt_cv_path_LD=/usr/bin/ld
lt_cv_path_NM='/usr/bin/nm -B'
lt_cv_path_mainfest_tool=no
lt_cv_prog_compiler_c_o=yes
lt_cv_prog_compiler_pic='-fPIC -DPIC'
lt_cv_prog_compiler_pic_works=yes
lt_cv_prog_compiler_rtti_exceptions=no
lt_cv_prog_compiler_static_works=yes
lt_cv_prog_gnu_ld=yes
lt_cv_sharedlib_from_linklib_cmd='printf %s\n'
lt_cv_shlibpath_overrides_runpath=yes
lt_cv_sys_global_symbol_pipe='sed -n -e '\''s/^.*[	 ]\([ABCDGIRSTW][ABCDGIRSTW]*\)[	 ][	 ]*\([_A-Za-z][_A-Za-z0-9]*\)$/\1 \2 \2/p'\'' | sed '\''/ __gnu_lto/d'\'''
lt_cv_sys_global_symbol_to_c_name_address='sed -n -e '\''s/^: \(.*\) .*$/  {"\1", (void *) 0},/p'\'' -e '\''s/^[ABCDGIRSTW][ABCDGIRSTW]* .* \(.*\)$/  {"\1", (void *) \&\1},/p'\'''
lt_cv_sys_global_symbol_to_c_name_address_lib_prefix='sed -n -e '\''s/^: \(.*\) .*$/  {"\1", (void *) 0},/p'\'' -e '\''s/^[ABCDGIRSTW][ABCDGIRSTW]* .* \(lib.*\)$/  {"\1", (void *) \&\1},/p'\'' -e '\''s/^[ABCDGIRSTW][ABCDGIRSTW]* .* \(.*\)$/  {"lib\1", (void *) \&\1},/p'\'''
lt_cv_sys_global_symbol_to_cdecl='sed -n -e '\''s/^T .* \(.*\)$/extern int \1();/p'\'' -e '\''s/^[ABCDGIRSTW][ABCDGIRSTW]* .* \(.*\)$/extern char \1;/p'\'''
lt_cv_sys_global_symbol_to_import=
lt_cv_sys_max_cmd_len=1572864
lt_cv_to_host_file_cmd=func_convert_file_noop
lt_cv_to_tool_file_cmd=func_convert_file_noop
lt_cv_truncate_bin='/usr/bin/dd bs=4096 count=1'

## ----------------- ##
## Output variables. ##
## ----------------- ##

ACLOCAL='${SHELL} '\''/home/parse/src/simple_demo_for_lisa/libmagic/file-5.41/missing'\'' aclocal-1.16'
AMDEPBACKSLASH='\'
AMDEP_FALSE='#'
AMDEP_TRUE=''
AMTAR='$${TAR-tar}'
AM_BACKSLASH='\'
AM_DEFAULT_V='$(AM_DEFAULT_VERBOSITY)'
AM_DEFAULT_VERBOSITY='0'
AM_V='$(V)'
AR='ar'
AUTOCONF='${SHELL} '\''/home/parse/src/simple_demo_for_lisa/libmagic/file-5.41/missing'\'' autoconf'
AUTOHEADER='${SHELL} '\''/home/parse/src/simple_demo_for_lisa/libmagic/file-5.41/missing'\'' autoheader'
AUTOMAKE='${SHELL} '\''/home/parse/src/simple_demo_for_lisa/libmagic/file-5.41/missing'\'' automake-1.16'
AWK='gawk'
CC='gcc'
CCDEPMODE='depmode=gcc3'
CFLAGS='-g -O2'
CFLAG_VISIBILITY='-fvisibility=hidden'
CPPFLAGS=''
CSCOPE='cscope'
CTAGS='ctags'
CYGPATH_W='echo'
DEFS='-DHAVE_CONFIG_H'
DEPDIR='.deps'
DLLTOOL='false'
DSYMUTIL=''
DUMPBIN=''
ECHO_C=''
ECHO_N='-n'
ECHO_T=''
EGREP='/usr/bin/grep -E'
ETAGS='etags'
EXEEXT=''
FGREP='/usr/bin/grep -F'
FSECT5_FALSE=''
FSECT5_TRUE='#'
GREP='/usr/bin/grep'
HAVE_VISIBILITY='1'
INSTALL_DATA='${INSTALL} -m 644'
INSTALL_PROGRAM='${INSTALL}'
INSTALL_SCRIPT='${INSTALL}'
INSTALL_STRIP_PROGRAM='$(install_sh) -c -s'
IS_CROSS_COMPILE_FALSE=''
IS_CROSS_COMPILE_TRUE='#'
LD='/usr/bin/ld'
LDFLAGS=''
LIBOBJS=' ${LIBOBJDIR}strlcpy$U.o ${LIBOBJDIR}strlcat$U.o ${LIBOBJDIR}fmtcheck$U.o'
LIBS='-llzma -lbz2 -lz '
LIBTOOL='$(SHELL) $(top_builddir)/libtool'
LIPO=''
LN_S='ln -s'
LTLIBOBJS=' ${LIBOBJDIR}strlcpy$U.lo ${LIBOBJDIR}strlcat$U.lo ${LIBOBJDIR}fmtcheck$U.lo'
LT_SYS_LIBRARY_PATH=''
MAKEINFO='${SHELL} '\''/home/parse/src/simple_demo_for_lisa/libmagic/file-5.41/missing'\'' makeinfo'
MANIFEST_TOOL=':'
MINGW='0'
MINGW_FALSE=''
MINGW_TRUE='#'
MKDIR_P='/usr/bin/mkdir -p'
NM='/usr/bin/nm -B'
NMEDIT=''
OBJDUMP='objdump'
OBJEXT='o'
OTOOL64=''
OTOOL=''
PACKAGE='file'
PACKAGE_BUGREPORT='christos@astron.com'
PACKAGE_NAME='file'
PACKAGE_STRING='file 5.41'
PACKAGE_TARNAME='file'
PACKAGE_URL=''
PACKAGE_VERSION='5.41'
PATH_SEPARATOR=':'
RANLIB='ranlib'
SED='/usr/bin/sed'
SET_MAKE=''
SHELL='/bin/bash'
STRIP='strip'
VERSION='5.41'
WARNINGS='-Wall -Wstrict-prototypes -Wmissing-prototypes -Wpointer-arith        -Wmissing-declarations -Wredundant-decls -Wnested-externs        -Wsign-compare -Wreturn-type -Wswitch -Wshadow        -Wcast-qual -Wwrite-strings -Wextra -Wunused-parameter -Wformat=2'
ac_ct_AR='ar'
ac_ct_CC='gcc'
ac_ct_DUMPBIN=''
am__EXEEXT_FALSE=''
am__EXEEXT_TRUE='#'
am__fastdepCC_FALSE='#'
am__fastdepCC_TRUE=''
am__include='include'
am__isrc=''
am__leading_dot='.'
am__nodep='_no'
am__quote=''
am__tar='$${TAR-tar} chof - "$$tardir"'
am__untar='$${TAR-tar} xf -'
bindir='${exec_prefix}/bin'
build='x86_64-pc-linux-gnu'
build_alias=''
build_cpu='x86_64'
build_os='linux-gnu'
build_vendor='pc'
datadir='${datarootdir}'
datarootdir='${prefix}/share'
docdir='${datarootdir}/doc/${PACKAGE_TARNAME}'
dvidir='${docdir}'
exec_prefix='${prefix}'
fsect='4'
host='x86_64-pc-linux-gnu'
host_alias=''
host_cpu='x86_64'
host_os='linux-gnu'
host_vendor='pc'
htmldir='${docdir}'
includedir='${prefix}/include'
infodir='${datarootdir}/info'
install_sh='${SHELL} /home/parse/src/simple_demo_for_lisa/libmagic/file-5.41/install-sh'
libdir='${exec_prefix}/lib'
libexecdir='${exec_prefix}/libexec'
localedir='${datarootdir}/locale'
localstatedir='${prefix}/var'
mandir='${datarootdir}/man'
mkdir_p='$(MKDIR_P)'
oldincludedir='/usr/include'
pdfdir='${docdir}'
pkgdatadir='$(datadir)/misc'
prefix='/usr/local'
program_transform_name='s,x,x,'
psdir='${docdir}'
runstatedir='${localstatedir}/run'
sbindir='${exec_prefix}/sbin'
sharedstatedir='${prefix}/com'
sysconfdir='${prefix}/etc'
target_alias=''

## ----------- ##
## confdefs.h. ##
## ----------- ##

/* confdefs.h */
#define PACKAGE_NAME "file"
#define PACKAGE_TARNAME "file"
#define PACKAGE_VERSION "5.41"
#define PACKAGE_STRING "file 5.41"
#define PACKAGE_BUGREPORT "christos@astron.com"
#define PACKAGE_URL ""
#define PACKAGE "file"
#define VERSION "5.41"
#define BUILTIN_ELF 1
#define ELFCORE 1
#define HAVE_STDIO_H 1
#define HAVE_STDLIB_H 1
#define HAVE_STRING_H 1
#define HAVE_INTTYPES_H 1
#define HAVE_STDINT_H 1
#define HAVE_STRINGS_H 1
#define HAVE_SYS_STAT_H 1
#define HAVE_SYS_TYPES_H 1
#define HAVE_UNISTD_H 1
#define HAVE_WCHAR_H 1
#define HAVE_SYS_PARAM_H 1
#define STDC_HEADERS 1
#define _ALL_SOURCE 1
#define _DARWIN_C_SOURCE 1
#define _GNU_SOURCE 1
#define _HPUX_ALT_XOPEN_SOCKET_API 1
#define _NETBSD_SOURCE 1
#define _OPENBSD_SOURCE 1
#define _POSIX_PTHREAD_SEMANTICS 1
#define __STDC_WANT_IEC_60559_ATTRIBS_EXT__ 1
#define __STDC_WANT_IEC_60559_BFP_EXT__ 1
#define __STDC_WANT_IEC_60559_DFP_EXT__ 1
#define __STDC_WANT_IEC_60559_FUNCS_EXT__ 1
#define __STDC_WANT_IEC_60559_TYPES_EXT__ 1
#define __STDC_WANT_LIB_EXT2__ 1
#define __STDC_WANT_MATH_SPEC_FUNCS__ 1
#define _TANDEM_SOURCE 1
#define __EXTENSIONS__ 1
#define HAVE_DLFCN_H 1
#define LT_OBJDIR ".libs/"
#define HAVE_VISIBILITY 1
#define MAJOR_IN_SYSMACROS 1
#define HAVE_SYS_WAIT_H 1
#define HAVE_STDINT_H 1
#define HAVE_FCNTL_H 1
#define HAVE_INTTYPES_H 1
#define HAVE_UNISTD_H 1
#define HAVE_UTIME_H 1
#define HAVE_WCHAR_H 1
#define HAVE_WCTYPE_H 1
#define HAVE_GETOPT_H 1
#define HAVE_ERR_H 1
#define HAVE_SYS_MMAN_H 1
#define HAVE_SYS_STAT_H 1
#define HAVE_SYS_TYPES_H 1
#define HAVE_SYS_TIME_H 1
#define HAVE_SYS_SYSMACROS_H 1
#define HAVE_ZLIB_H 1
#define HAVE_BZLIB_H 1
#define HAVE_LZMA_H 1
#define HAVE_SIG_T 1
#define HAVE_STRUCT_STAT_ST_RDEV 1
#define HAVE_STRUCT_TM_TM_GMTOFF 1
#define HAVE_STRUCT_TM_TM_ZONE 1
#define HAVE_TM_ZONE 1
#define HAVE_TM_ZONE 1
#define HAVE_DECL_TZNAME 1
#define HAVE_TZNAME 1
#define HAVE_TM_ISDST 1
#define HAVE_DECL_DAYLIGHT 1
#define HAVE_DAYLIGHT 1
#define HAVE_FSEEKO 1
#define HAVE_MBSTATE_T 1
#define HAVE_STRUCT_OPTION 1
#define HAVE_INTPTR_T 1
#define HAVE_UINTPTR_T 1
#define HAVE_GETPAGESIZE 1
#define HAVE_FORK 1
#define HAVE_VFORK 1
#define HAVE_MMAP 1
#define HAVE_WORKING_VFORK 1
#define HAVE_WORKING_FORK 1
#define HAVE_MBRTOWC 1
#define HAVE_STRNDUP 1
#define HAVE_MKSTEMP 1
#define HAVE_MKOSTEMP 1
#define HAVE_UTIMES 1
#define HAVE_UTIME 1
#define HAVE_WCWIDTH 1
#define HAVE_STRTOF 1
#define HAVE_NEWLOCALE 1
#define HAVE_USELOCALE 1
#define HAVE_FREELOCALE 1
#define HAVE_MEMMEM 1
#define HAVE_PIPE2 1
#define HAVE_GETOPT_LONG 1
#define HAVE_ASPRINTF 1
#define HAVE_VASPRINTF 1
#define HAVE_GETLINE 1
#define HAVE_CTIME_R 1
#define HAVE_ASCTIME_R 1
#define HAVE_LOCALTIME_R 1
#define HAVE_GMTIME_R 1
#define HAVE_PREAD 1
#define HAVE_STRCASESTR 1
#define HAVE_DPRINTF 1
#define HAVE_LIBZ 1
#define HAVE_LIBBZ2 1
#define HAVE_LIBLZMA 1
#define ZLIBSUPPORT 1
#define BZLIBSUPPORT 1
#define XZLIBSUPPORT 1

configure: exit 0

## ---------------------- ##
## Running config.status. ##
## ---------------------- ##

This file was extended by file config.status 5.41, which was
generated by GNU Autoconf 2.71.  Invocation command line was

  CONFIG_FILES    = 
  CONFIG_HEADERS  = 
  CONFIG_LINKS    = 
  CONFIG_COMMANDS = 
  $ ./config.status 

on copblock.app

config.status:1190: creating Makefile
config.status:1190: creating src/Makefile
config.status:1190: creating magic/Makefile
config.status:1190: creating tests/Makefile
config.status:1190: creating doc/Makefile
config.status:1190: creating python/Makefile
config.status:1190: creating libmagic.pc
config.status:1190: creating config.h
config.status:1371: config.h is unchanged
config.status:1419: executing depfiles commands
config.status:1496: cd src       && sed -e '/# am--include-marker/d' Makefile         | make -f - am--depfiles
make: Nothing to be done for 'am--depfiles'.
config.status:1501: $? = 0
config.status:1496: cd tests       && sed -e '/# am--include-marker/d' Makefile         | make -f - am--depfiles
make: Nothing to be done for 'am--depfiles'.
config.status:1501: $? = 0
config.status:1419: executing libtool commands
